GAS LISTING C:\Users\nascapro\AppData\Local\Temp\ccqjQAEA.s 			page 1


   1              		.file	"AEK_SNS_VL53L1X1_cfg.c"
   2              		.section	".text","axv"
   3              	.Ltext0:
   4              		.cfi_sections	.debug_frame
   5              		.globl uld_VL53L1X
   6              		.section	.bss.uld_VL53L1X,"aw",@nobits
   7              		.align 2
   8              		.type	uld_VL53L1X, @object
   9              		.size	uld_VL53L1X, 12
  10              	uld_VL53L1X:
  11 0000 00000000 		.zero	12
  11      00000000 
  11      00000000 
  12              		.globl XshutMatrix
  13              		.section	.data.XshutMatrix,"aw",@progbits
  14              		.type	XshutMatrix, @object
  15              		.size	XshutMatrix, 2
  16              	XshutMatrix:
  17 0000 03       		.byte	3
  18 0001 0E       		.byte	14
  19              		.globl AEK_SNS_VL53L1X_I2C_ARRAY_DRIVER
  20              		.section	.data.AEK_SNS_VL53L1X_I2C_ARRAY_DRIVER,"aw",@progbits
  21              		.align 2
  22              		.type	AEK_SNS_VL53L1X_I2C_ARRAY_DRIVER, @object
  23              		.size	AEK_SNS_VL53L1X_I2C_ARRAY_DRIVER, 4
  24              	AEK_SNS_VL53L1X_I2C_ARRAY_DRIVER:
  25 0000 00000000 		.long	I2CD1
  26              		.globl AEK_SNS_VL53L1X_I2C_ARRAY_CONFIGURATION
  27              		.section	.data.AEK_SNS_VL53L1X_I2C_ARRAY_CONFIGURATION,"aw",@progbits
  28              		.align 2
  29              		.type	AEK_SNS_VL53L1X_I2C_ARRAY_CONFIGURATION, @object
  30              		.size	AEK_SNS_VL53L1X_I2C_ARRAY_CONFIGURATION, 4
  31              	AEK_SNS_VL53L1X_I2C_ARRAY_CONFIGURATION:
  32 0000 00000000 		.long	i2c_hw_config_AEK_SNS_VL53L1X1Board0
  33              		.section	.text.TOF_Callback0,"axv",@progbits
  34              		.align 1
  35              		.p2align 4,,15
  36              		.globl TOF_Callback0
  37              		.type	TOF_Callback0, @function
  38              	TOF_Callback0:
  39              	.LFB2:
  40              		.file 1 "./components/aek_sns_vl53l1x1_component_rla/cfg/AEK_SNS_VL53L1X1_cfg.c"
  41              		.loc 1 52 0
  42              		.cfi_startproc
  43              		.loc 1 54 0
  44 0000 70E0E000 		e_lis %r7,uld_VL53L1X@ha
  45 0004 1CE70000 		e_la %r7,uld_VL53L1X@l(%r7)
  46 0008 4816     		se_li %r6,1
  47 000a 9367     		se_stb %r6,3(%r7)
  48              		.loc 1 56 0
  49 000c 0004     		se_blr
  50              		.cfi_endproc
  51              	.LFE2:
  52              		.size	TOF_Callback0, .-TOF_Callback0
  53              		.section	".text","axv"
  54              	.Letext0:
  55              		.file 2 "c:\\autodevkitstudio-2.1\\eclipse\\plugins\\com.st.tools.spc5.tools.gnu.gcc.ppcvle.win32_
GAS LISTING C:\Users\nascapro\AppData\Local\Temp\ccqjQAEA.s 			page 2


  56              		.file 3 "c:\\autodevkitstudio-2.1\\eclipse\\plugins\\com.st.tools.spc5.tools.gnu.gcc.ppcvle.win32_
  57              		.file 4 "./components/spc582bxx_low_level_drivers_component_rla/lib/include/i2c_lld.h"
  58              		.file 5 "./components/aek_sns_vl53l1x1_component_rla/cfg/AEK_SNS_VL53L1X1_cfg.h"
  59              		.file 6 "./components/spc582bxx_low_level_drivers_component_rla/cfg/i2c_lld_cfg.h"
  60              		.section	.debug_info,"",@progbits
  61              	.Ldebug_info0:
  62 0000 000002EC 		.4byte	0x2ec
  63 0004 0002     		.2byte	0x2
  64 0006 00000000 		.4byte	.Ldebug_abbrev0
  65 000a 04       		.byte	0x4
  66 000b 01       		.uleb128 0x1
  67 000c 00000000 		.4byte	.LASF46
  68 0010 01       		.byte	0x1
  69 0011 00000000 		.4byte	.LASF47
  70 0015 00000000 		.4byte	.LASF48
  71 0019 00000000 		.4byte	.Ldebug_ranges0+0
  72 001d 00000000 		.4byte	0
  73 0021 00000000 		.4byte	0
  74 0025 00000000 		.4byte	.Ldebug_line0
  75 0029 02       		.uleb128 0x2
  76 002a 01       		.byte	0x1
  77 002b 06       		.byte	0x6
  78 002c 00000000 		.4byte	.LASF0
  79 0030 03       		.uleb128 0x3
  80 0031 00000000 		.4byte	.LASF5
  81 0035 02       		.byte	0x2
  82 0036 1D       		.byte	0x1d
  83 0037 0000003B 		.4byte	0x3b
  84 003b 02       		.uleb128 0x2
  85 003c 01       		.byte	0x1
  86 003d 08       		.byte	0x8
  87 003e 00000000 		.4byte	.LASF1
  88 0042 02       		.uleb128 0x2
  89 0043 02       		.byte	0x2
  90 0044 05       		.byte	0x5
  91 0045 00000000 		.4byte	.LASF2
  92 0049 02       		.uleb128 0x2
  93 004a 02       		.byte	0x2
  94 004b 07       		.byte	0x7
  95 004c 00000000 		.4byte	.LASF3
  96 0050 02       		.uleb128 0x2
  97 0051 04       		.byte	0x4
  98 0052 05       		.byte	0x5
  99 0053 00000000 		.4byte	.LASF4
 100 0057 03       		.uleb128 0x3
 101 0058 00000000 		.4byte	.LASF6
 102 005c 02       		.byte	0x2
 103 005d 41       		.byte	0x41
 104 005e 00000062 		.4byte	0x62
 105 0062 02       		.uleb128 0x2
 106 0063 04       		.byte	0x4
 107 0064 07       		.byte	0x7
 108 0065 00000000 		.4byte	.LASF7
 109 0069 02       		.uleb128 0x2
 110 006a 08       		.byte	0x8
 111 006b 05       		.byte	0x5
 112 006c 00000000 		.4byte	.LASF8
GAS LISTING C:\Users\nascapro\AppData\Local\Temp\ccqjQAEA.s 			page 3


 113 0070 02       		.uleb128 0x2
 114 0071 08       		.byte	0x8
 115 0072 07       		.byte	0x7
 116 0073 00000000 		.4byte	.LASF9
 117 0077 04       		.uleb128 0x4
 118 0078 04       		.byte	0x4
 119 0079 05       		.byte	0x5
 120 007a 696E7400 		.string	"int"
 121 007e 02       		.uleb128 0x2
 122 007f 04       		.byte	0x4
 123 0080 07       		.byte	0x7
 124 0081 00000000 		.4byte	.LASF10
 125 0085 03       		.uleb128 0x3
 126 0086 00000000 		.4byte	.LASF11
 127 008a 03       		.byte	0x3
 128 008b 15       		.byte	0x15
 129 008c 00000030 		.4byte	0x30
 130 0090 03       		.uleb128 0x3
 131 0091 00000000 		.4byte	.LASF12
 132 0095 03       		.byte	0x3
 133 0096 2D       		.byte	0x2d
 134 0097 00000057 		.4byte	0x57
 135 009b 05       		.uleb128 0x5
 136 009c 00000085 		.4byte	0x85
 137 00a0 02       		.uleb128 0x2
 138 00a1 04       		.byte	0x4
 139 00a2 07       		.byte	0x7
 140 00a3 00000000 		.4byte	.LASF13
 141 00a7 03       		.uleb128 0x3
 142 00a8 00000000 		.4byte	.LASF14
 143 00ac 04       		.byte	0x4
 144 00ad 2D       		.byte	0x2d
 145 00ae 000000B2 		.4byte	0xb2
 146 00b2 06       		.uleb128 0x6
 147 00b3 00000000 		.4byte	.LASF14
 148 00b7 01       		.byte	0x1
 149 00b8 07       		.uleb128 0x7
 150 00b9 04       		.byte	0x4
 151 00ba 04       		.byte	0x4
 152 00bb 38       		.byte	0x38
 153 00bc 000000CD 		.4byte	0xcd
 154 00c0 08       		.uleb128 0x8
 155 00c1 00000000 		.4byte	.LASF15
 156 00c5 00       		.sleb128 0
 157 00c6 08       		.uleb128 0x8
 158 00c7 00000000 		.4byte	.LASF16
 159 00cb 01       		.sleb128 1
 160 00cc 00       		.byte	0
 161 00cd 03       		.uleb128 0x3
 162 00ce 00000000 		.4byte	.LASF17
 163 00d2 04       		.byte	0x4
 164 00d3 3B       		.byte	0x3b
 165 00d4 000000B8 		.4byte	0xb8
 166 00d8 07       		.uleb128 0x7
 167 00d9 04       		.byte	0x4
 168 00da 04       		.byte	0x4
 169 00db 40       		.byte	0x40
GAS LISTING C:\Users\nascapro\AppData\Local\Temp\ccqjQAEA.s 			page 4


 170 00dc 000000ED 		.4byte	0xed
 171 00e0 08       		.uleb128 0x8
 172 00e1 00000000 		.4byte	.LASF18
 173 00e5 00       		.sleb128 0
 174 00e6 08       		.uleb128 0x8
 175 00e7 00000000 		.4byte	.LASF19
 176 00eb 01       		.sleb128 1
 177 00ec 00       		.byte	0
 178 00ed 03       		.uleb128 0x3
 179 00ee 00000000 		.4byte	.LASF20
 180 00f2 04       		.byte	0x4
 181 00f3 43       		.byte	0x43
 182 00f4 000000D8 		.4byte	0xd8
 183 00f8 07       		.uleb128 0x7
 184 00f9 04       		.byte	0x4
 185 00fa 04       		.byte	0x4
 186 00fb 52       		.byte	0x52
 187 00fc 0000010D 		.4byte	0x10d
 188 0100 08       		.uleb128 0x8
 189 0101 00000000 		.4byte	.LASF21
 190 0105 00       		.sleb128 0
 191 0106 08       		.uleb128 0x8
 192 0107 00000000 		.4byte	.LASF22
 193 010b 01       		.sleb128 1
 194 010c 00       		.byte	0
 195 010d 03       		.uleb128 0x3
 196 010e 00000000 		.4byte	.LASF23
 197 0112 04       		.byte	0x4
 198 0113 55       		.byte	0x55
 199 0114 000000F8 		.4byte	0xf8
 200 0118 09       		.uleb128 0x9
 201 0119 18       		.byte	0x18
 202 011a 04       		.byte	0x4
 203 011b 6C       		.byte	0x6c
 204 011c 00000175 		.4byte	0x175
 205 0120 0A       		.uleb128 0xa
 206 0121 00000000 		.4byte	.LASF24
 207 0125 04       		.byte	0x4
 208 0126 70       		.byte	0x70
 209 0127 000000CD 		.4byte	0xcd
 210 012b 02       		.byte	0x2
 211 012c 23       		.byte	0x23
 212 012d 00       		.uleb128 0
 213 012e 0A       		.uleb128 0xa
 214 012f 00000000 		.4byte	.LASF25
 215 0133 04       		.byte	0x4
 216 0134 74       		.byte	0x74
 217 0135 000000ED 		.4byte	0xed
 218 0139 02       		.byte	0x2
 219 013a 23       		.byte	0x23
 220 013b 04       		.uleb128 0x4
 221 013c 0A       		.uleb128 0xa
 222 013d 00000000 		.4byte	.LASF26
 223 0141 04       		.byte	0x4
 224 0142 78       		.byte	0x78
 225 0143 00000085 		.4byte	0x85
 226 0147 02       		.byte	0x2
GAS LISTING C:\Users\nascapro\AppData\Local\Temp\ccqjQAEA.s 			page 5


 227 0148 23       		.byte	0x23
 228 0149 08       		.uleb128 0x8
 229 014a 0A       		.uleb128 0xa
 230 014b 00000000 		.4byte	.LASF27
 231 014f 04       		.byte	0x4
 232 0150 7C       		.byte	0x7c
 233 0151 0000010D 		.4byte	0x10d
 234 0155 02       		.byte	0x2
 235 0156 23       		.byte	0x23
 236 0157 0C       		.uleb128 0xc
 237 0158 0A       		.uleb128 0xa
 238 0159 00000000 		.4byte	.LASF28
 239 015d 04       		.byte	0x4
 240 015e 80       		.byte	0x80
 241 015f 00000090 		.4byte	0x90
 242 0163 02       		.byte	0x2
 243 0164 23       		.byte	0x23
 244 0165 10       		.uleb128 0x10
 245 0166 0B       		.uleb128 0xb
 246 0167 69626300 		.string	"ibc"
 247 016b 04       		.byte	0x4
 248 016c 84       		.byte	0x84
 249 016d 00000085 		.4byte	0x85
 250 0171 02       		.byte	0x2
 251 0172 23       		.byte	0x23
 252 0173 14       		.uleb128 0x14
 253 0174 00       		.byte	0
 254 0175 03       		.uleb128 0x3
 255 0176 00000000 		.4byte	.LASF29
 256 017a 04       		.byte	0x4
 257 017b 85       		.byte	0x85
 258 017c 00000118 		.4byte	0x118
 259 0180 09       		.uleb128 0x9
 260 0181 02       		.byte	0x2
 261 0182 05       		.byte	0x5
 262 0183 39       		.byte	0x39
 263 0184 000001A5 		.4byte	0x1a5
 264 0188 0A       		.uleb128 0xa
 265 0189 00000000 		.4byte	.LASF30
 266 018d 05       		.byte	0x5
 267 018e 3B       		.byte	0x3b
 268 018f 00000085 		.4byte	0x85
 269 0193 02       		.byte	0x2
 270 0194 23       		.byte	0x23
 271 0195 00       		.uleb128 0
 272 0196 0B       		.uleb128 0xb
 273 0197 70696E00 		.string	"pin"
 274 019b 05       		.byte	0x5
 275 019c 3C       		.byte	0x3c
 276 019d 00000085 		.4byte	0x85
 277 01a1 02       		.byte	0x2
 278 01a2 23       		.byte	0x23
 279 01a3 01       		.uleb128 0x1
 280 01a4 00       		.byte	0
 281 01a5 03       		.uleb128 0x3
 282 01a6 00000000 		.4byte	.LASF31
 283 01aa 05       		.byte	0x5
GAS LISTING C:\Users\nascapro\AppData\Local\Temp\ccqjQAEA.s 			page 6


 284 01ab 3E       		.byte	0x3e
 285 01ac 00000180 		.4byte	0x180
 286 01b0 07       		.uleb128 0x7
 287 01b1 04       		.byte	0x4
 288 01b2 05       		.byte	0x5
 289 01b3 42       		.byte	0x42
 290 01b4 000001C5 		.4byte	0x1c5
 291 01b8 08       		.uleb128 0x8
 292 01b9 00000000 		.4byte	.LASF32
 293 01bd 00       		.sleb128 0
 294 01be 08       		.uleb128 0x8
 295 01bf 00000000 		.4byte	.LASF33
 296 01c3 01       		.sleb128 1
 297 01c4 00       		.byte	0
 298 01c5 03       		.uleb128 0x3
 299 01c6 00000000 		.4byte	.LASF34
 300 01ca 05       		.byte	0x5
 301 01cb 45       		.byte	0x45
 302 01cc 000001B0 		.4byte	0x1b0
 303 01d0 09       		.uleb128 0x9
 304 01d1 0C       		.byte	0xc
 305 01d2 05       		.byte	0x5
 306 01d3 49       		.byte	0x49
 307 01d4 0000021F 		.4byte	0x21f
 308 01d8 0B       		.uleb128 0xb
 309 01d9 44657600 		.string	"Dev"
 310 01dd 05       		.byte	0x5
 311 01de 4B       		.byte	0x4b
 312 01df 00000085 		.4byte	0x85
 313 01e3 02       		.byte	0x2
 314 01e4 23       		.byte	0x23
 315 01e5 00       		.uleb128 0
 316 01e6 0A       		.uleb128 0xa
 317 01e7 00000000 		.4byte	.LASF35
 318 01eb 05       		.byte	0x5
 319 01ec 4C       		.byte	0x4c
 320 01ed 000001A5 		.4byte	0x1a5
 321 01f1 02       		.byte	0x2
 322 01f2 23       		.byte	0x23
 323 01f3 01       		.uleb128 0x1
 324 01f4 0A       		.uleb128 0xa
 325 01f5 00000000 		.4byte	.LASF36
 326 01f9 05       		.byte	0x5
 327 01fa 4D       		.byte	0x4d
 328 01fb 0000009B 		.4byte	0x9b
 329 01ff 02       		.byte	0x2
 330 0200 23       		.byte	0x23
 331 0201 03       		.uleb128 0x3
 332 0202 0A       		.uleb128 0xa
 333 0203 00000000 		.4byte	.LASF37
 334 0207 05       		.byte	0x5
 335 0208 4E       		.byte	0x4e
 336 0209 000001C5 		.4byte	0x1c5
 337 020d 02       		.byte	0x2
 338 020e 23       		.byte	0x23
 339 020f 04       		.uleb128 0x4
 340 0210 0A       		.uleb128 0xa
GAS LISTING C:\Users\nascapro\AppData\Local\Temp\ccqjQAEA.s 			page 7


 341 0211 00000000 		.4byte	.LASF38
 342 0215 05       		.byte	0x5
 343 0216 4F       		.byte	0x4f
 344 0217 00000085 		.4byte	0x85
 345 021b 02       		.byte	0x2
 346 021c 23       		.byte	0x23
 347 021d 08       		.uleb128 0x8
 348 021e 00       		.byte	0
 349 021f 03       		.uleb128 0x3
 350 0220 00000000 		.4byte	.LASF39
 351 0224 05       		.byte	0x5
 352 0225 50       		.byte	0x50
 353 0226 000001D0 		.4byte	0x1d0
 354 022a 0C       		.uleb128 0xc
 355 022b 01       		.byte	0x1
 356 022c 00000000 		.4byte	.LASF49
 357 0230 01       		.byte	0x1
 358 0231 33       		.byte	0x33
 359 0232 01       		.byte	0x1
 360 0233 00000000 		.4byte	.LFB2
 361 0237 00000000 		.4byte	.LFE2
 362 023b 02       		.byte	0x2
 363 023c 71       		.byte	0x71
 364 023d 00       		.sleb128 0
 365 023e 01       		.byte	0x1
 366 023f 0D       		.uleb128 0xd
 367 0240 00000000 		.4byte	.LASF40
 368 0244 04       		.byte	0x4
 369 0245 B2       		.byte	0xb2
 370 0246 000000A7 		.4byte	0xa7
 371 024a 01       		.byte	0x1
 372 024b 01       		.byte	0x1
 373 024c 0D       		.uleb128 0xd
 374 024d 00000000 		.4byte	.LASF41
 375 0251 06       		.byte	0x6
 376 0252 43       		.byte	0x43
 377 0253 00000175 		.4byte	0x175
 378 0257 01       		.byte	0x1
 379 0258 01       		.byte	0x1
 380 0259 0E       		.uleb128 0xe
 381 025a 00000269 		.4byte	0x269
 382 025e 00000269 		.4byte	0x269
 383 0262 0F       		.uleb128 0xf
 384 0263 000000A0 		.4byte	0xa0
 385 0267 00       		.byte	0
 386 0268 00       		.byte	0
 387 0269 10       		.uleb128 0x10
 388 026a 04       		.byte	0x4
 389 026b 000000A7 		.4byte	0xa7
 390 026f 11       		.uleb128 0x11
 391 0270 00000000 		.4byte	.LASF42
 392 0274 01       		.byte	0x1
 393 0275 28       		.byte	0x28
 394 0276 00000259 		.4byte	0x259
 395 027a 01       		.byte	0x1
 396 027b 05       		.byte	0x5
 397 027c 03       		.byte	0x3
GAS LISTING C:\Users\nascapro\AppData\Local\Temp\ccqjQAEA.s 			page 8


 398 027d 00000000 		.4byte	AEK_SNS_VL53L1X_I2C_ARRAY_DRIVER
 399 0281 0E       		.uleb128 0xe
 400 0282 00000291 		.4byte	0x291
 401 0286 00000291 		.4byte	0x291
 402 028a 0F       		.uleb128 0xf
 403 028b 000000A0 		.4byte	0xa0
 404 028f 00       		.byte	0
 405 0290 00       		.byte	0
 406 0291 12       		.uleb128 0x12
 407 0292 04       		.byte	0x4
 408 0293 11       		.uleb128 0x11
 409 0294 00000000 		.4byte	.LASF43
 410 0298 01       		.byte	0x1
 411 0299 2C       		.byte	0x2c
 412 029a 00000281 		.4byte	0x281
 413 029e 01       		.byte	0x1
 414 029f 05       		.byte	0x5
 415 02a0 03       		.byte	0x3
 416 02a1 00000000 		.4byte	AEK_SNS_VL53L1X_I2C_ARRAY_CONFIGURATION
 417 02a5 0E       		.uleb128 0xe
 418 02a6 00000085 		.4byte	0x85
 419 02aa 000002BB 		.4byte	0x2bb
 420 02ae 0F       		.uleb128 0xf
 421 02af 000000A0 		.4byte	0xa0
 422 02b3 00       		.byte	0
 423 02b4 0F       		.uleb128 0xf
 424 02b5 000000A0 		.4byte	0xa0
 425 02b9 01       		.byte	0x1
 426 02ba 00       		.byte	0
 427 02bb 11       		.uleb128 0x11
 428 02bc 00000000 		.4byte	.LASF44
 429 02c0 01       		.byte	0x1
 430 02c1 26       		.byte	0x26
 431 02c2 000002A5 		.4byte	0x2a5
 432 02c6 01       		.byte	0x1
 433 02c7 05       		.byte	0x5
 434 02c8 03       		.byte	0x3
 435 02c9 00000000 		.4byte	XshutMatrix
 436 02cd 0E       		.uleb128 0xe
 437 02ce 0000021F 		.4byte	0x21f
 438 02d2 000002DD 		.4byte	0x2dd
 439 02d6 0F       		.uleb128 0xf
 440 02d7 000000A0 		.4byte	0xa0
 441 02db 00       		.byte	0
 442 02dc 00       		.byte	0
 443 02dd 11       		.uleb128 0x11
 444 02de 00000000 		.4byte	.LASF45
 445 02e2 01       		.byte	0x1
 446 02e3 21       		.byte	0x21
 447 02e4 000002CD 		.4byte	0x2cd
 448 02e8 01       		.byte	0x1
 449 02e9 05       		.byte	0x5
 450 02ea 03       		.byte	0x3
 451 02eb 00000000 		.4byte	uld_VL53L1X
 452 02ef 00       		.byte	0
 453              		.section	.debug_abbrev,"",@progbits
 454              	.Ldebug_abbrev0:
GAS LISTING C:\Users\nascapro\AppData\Local\Temp\ccqjQAEA.s 			page 9


 455 0000 01       		.uleb128 0x1
 456 0001 11       		.uleb128 0x11
 457 0002 01       		.byte	0x1
 458 0003 25       		.uleb128 0x25
 459 0004 0E       		.uleb128 0xe
 460 0005 13       		.uleb128 0x13
 461 0006 0B       		.uleb128 0xb
 462 0007 03       		.uleb128 0x3
 463 0008 0E       		.uleb128 0xe
 464 0009 1B       		.uleb128 0x1b
 465 000a 0E       		.uleb128 0xe
 466 000b 55       		.uleb128 0x55
 467 000c 06       		.uleb128 0x6
 468 000d 11       		.uleb128 0x11
 469 000e 01       		.uleb128 0x1
 470 000f 52       		.uleb128 0x52
 471 0010 01       		.uleb128 0x1
 472 0011 10       		.uleb128 0x10
 473 0012 06       		.uleb128 0x6
 474 0013 00       		.byte	0
 475 0014 00       		.byte	0
 476 0015 02       		.uleb128 0x2
 477 0016 24       		.uleb128 0x24
 478 0017 00       		.byte	0
 479 0018 0B       		.uleb128 0xb
 480 0019 0B       		.uleb128 0xb
 481 001a 3E       		.uleb128 0x3e
 482 001b 0B       		.uleb128 0xb
 483 001c 03       		.uleb128 0x3
 484 001d 0E       		.uleb128 0xe
 485 001e 00       		.byte	0
 486 001f 00       		.byte	0
 487 0020 03       		.uleb128 0x3
 488 0021 16       		.uleb128 0x16
 489 0022 00       		.byte	0
 490 0023 03       		.uleb128 0x3
 491 0024 0E       		.uleb128 0xe
 492 0025 3A       		.uleb128 0x3a
 493 0026 0B       		.uleb128 0xb
 494 0027 3B       		.uleb128 0x3b
 495 0028 0B       		.uleb128 0xb
 496 0029 49       		.uleb128 0x49
 497 002a 13       		.uleb128 0x13
 498 002b 00       		.byte	0
 499 002c 00       		.byte	0
 500 002d 04       		.uleb128 0x4
 501 002e 24       		.uleb128 0x24
 502 002f 00       		.byte	0
 503 0030 0B       		.uleb128 0xb
 504 0031 0B       		.uleb128 0xb
 505 0032 3E       		.uleb128 0x3e
 506 0033 0B       		.uleb128 0xb
 507 0034 03       		.uleb128 0x3
 508 0035 08       		.uleb128 0x8
 509 0036 00       		.byte	0
 510 0037 00       		.byte	0
 511 0038 05       		.uleb128 0x5
GAS LISTING C:\Users\nascapro\AppData\Local\Temp\ccqjQAEA.s 			page 10


 512 0039 35       		.uleb128 0x35
 513 003a 00       		.byte	0
 514 003b 49       		.uleb128 0x49
 515 003c 13       		.uleb128 0x13
 516 003d 00       		.byte	0
 517 003e 00       		.byte	0
 518 003f 06       		.uleb128 0x6
 519 0040 13       		.uleb128 0x13
 520 0041 00       		.byte	0
 521 0042 03       		.uleb128 0x3
 522 0043 0E       		.uleb128 0xe
 523 0044 3C       		.uleb128 0x3c
 524 0045 0C       		.uleb128 0xc
 525 0046 00       		.byte	0
 526 0047 00       		.byte	0
 527 0048 07       		.uleb128 0x7
 528 0049 04       		.uleb128 0x4
 529 004a 01       		.byte	0x1
 530 004b 0B       		.uleb128 0xb
 531 004c 0B       		.uleb128 0xb
 532 004d 3A       		.uleb128 0x3a
 533 004e 0B       		.uleb128 0xb
 534 004f 3B       		.uleb128 0x3b
 535 0050 0B       		.uleb128 0xb
 536 0051 01       		.uleb128 0x1
 537 0052 13       		.uleb128 0x13
 538 0053 00       		.byte	0
 539 0054 00       		.byte	0
 540 0055 08       		.uleb128 0x8
 541 0056 28       		.uleb128 0x28
 542 0057 00       		.byte	0
 543 0058 03       		.uleb128 0x3
 544 0059 0E       		.uleb128 0xe
 545 005a 1C       		.uleb128 0x1c
 546 005b 0D       		.uleb128 0xd
 547 005c 00       		.byte	0
 548 005d 00       		.byte	0
 549 005e 09       		.uleb128 0x9
 550 005f 13       		.uleb128 0x13
 551 0060 01       		.byte	0x1
 552 0061 0B       		.uleb128 0xb
 553 0062 0B       		.uleb128 0xb
 554 0063 3A       		.uleb128 0x3a
 555 0064 0B       		.uleb128 0xb
 556 0065 3B       		.uleb128 0x3b
 557 0066 0B       		.uleb128 0xb
 558 0067 01       		.uleb128 0x1
 559 0068 13       		.uleb128 0x13
 560 0069 00       		.byte	0
 561 006a 00       		.byte	0
 562 006b 0A       		.uleb128 0xa
 563 006c 0D       		.uleb128 0xd
 564 006d 00       		.byte	0
 565 006e 03       		.uleb128 0x3
 566 006f 0E       		.uleb128 0xe
 567 0070 3A       		.uleb128 0x3a
 568 0071 0B       		.uleb128 0xb
GAS LISTING C:\Users\nascapro\AppData\Local\Temp\ccqjQAEA.s 			page 11


 569 0072 3B       		.uleb128 0x3b
 570 0073 0B       		.uleb128 0xb
 571 0074 49       		.uleb128 0x49
 572 0075 13       		.uleb128 0x13
 573 0076 38       		.uleb128 0x38
 574 0077 0A       		.uleb128 0xa
 575 0078 00       		.byte	0
 576 0079 00       		.byte	0
 577 007a 0B       		.uleb128 0xb
 578 007b 0D       		.uleb128 0xd
 579 007c 00       		.byte	0
 580 007d 03       		.uleb128 0x3
 581 007e 08       		.uleb128 0x8
 582 007f 3A       		.uleb128 0x3a
 583 0080 0B       		.uleb128 0xb
 584 0081 3B       		.uleb128 0x3b
 585 0082 0B       		.uleb128 0xb
 586 0083 49       		.uleb128 0x49
 587 0084 13       		.uleb128 0x13
 588 0085 38       		.uleb128 0x38
 589 0086 0A       		.uleb128 0xa
 590 0087 00       		.byte	0
 591 0088 00       		.byte	0
 592 0089 0C       		.uleb128 0xc
 593 008a 2E       		.uleb128 0x2e
 594 008b 00       		.byte	0
 595 008c 3F       		.uleb128 0x3f
 596 008d 0C       		.uleb128 0xc
 597 008e 03       		.uleb128 0x3
 598 008f 0E       		.uleb128 0xe
 599 0090 3A       		.uleb128 0x3a
 600 0091 0B       		.uleb128 0xb
 601 0092 3B       		.uleb128 0x3b
 602 0093 0B       		.uleb128 0xb
 603 0094 27       		.uleb128 0x27
 604 0095 0C       		.uleb128 0xc
 605 0096 11       		.uleb128 0x11
 606 0097 01       		.uleb128 0x1
 607 0098 12       		.uleb128 0x12
 608 0099 01       		.uleb128 0x1
 609 009a 40       		.uleb128 0x40
 610 009b 0A       		.uleb128 0xa
 611 009c 9742     		.uleb128 0x2117
 612 009e 0C       		.uleb128 0xc
 613 009f 00       		.byte	0
 614 00a0 00       		.byte	0
 615 00a1 0D       		.uleb128 0xd
 616 00a2 34       		.uleb128 0x34
 617 00a3 00       		.byte	0
 618 00a4 03       		.uleb128 0x3
 619 00a5 0E       		.uleb128 0xe
 620 00a6 3A       		.uleb128 0x3a
 621 00a7 0B       		.uleb128 0xb
 622 00a8 3B       		.uleb128 0x3b
 623 00a9 0B       		.uleb128 0xb
 624 00aa 49       		.uleb128 0x49
 625 00ab 13       		.uleb128 0x13
GAS LISTING C:\Users\nascapro\AppData\Local\Temp\ccqjQAEA.s 			page 12


 626 00ac 3F       		.uleb128 0x3f
 627 00ad 0C       		.uleb128 0xc
 628 00ae 3C       		.uleb128 0x3c
 629 00af 0C       		.uleb128 0xc
 630 00b0 00       		.byte	0
 631 00b1 00       		.byte	0
 632 00b2 0E       		.uleb128 0xe
 633 00b3 01       		.uleb128 0x1
 634 00b4 01       		.byte	0x1
 635 00b5 49       		.uleb128 0x49
 636 00b6 13       		.uleb128 0x13
 637 00b7 01       		.uleb128 0x1
 638 00b8 13       		.uleb128 0x13
 639 00b9 00       		.byte	0
 640 00ba 00       		.byte	0
 641 00bb 0F       		.uleb128 0xf
 642 00bc 21       		.uleb128 0x21
 643 00bd 00       		.byte	0
 644 00be 49       		.uleb128 0x49
 645 00bf 13       		.uleb128 0x13
 646 00c0 2F       		.uleb128 0x2f
 647 00c1 0B       		.uleb128 0xb
 648 00c2 00       		.byte	0
 649 00c3 00       		.byte	0
 650 00c4 10       		.uleb128 0x10
 651 00c5 0F       		.uleb128 0xf
 652 00c6 00       		.byte	0
 653 00c7 0B       		.uleb128 0xb
 654 00c8 0B       		.uleb128 0xb
 655 00c9 49       		.uleb128 0x49
 656 00ca 13       		.uleb128 0x13
 657 00cb 00       		.byte	0
 658 00cc 00       		.byte	0
 659 00cd 11       		.uleb128 0x11
 660 00ce 34       		.uleb128 0x34
 661 00cf 00       		.byte	0
 662 00d0 03       		.uleb128 0x3
 663 00d1 0E       		.uleb128 0xe
 664 00d2 3A       		.uleb128 0x3a
 665 00d3 0B       		.uleb128 0xb
 666 00d4 3B       		.uleb128 0x3b
 667 00d5 0B       		.uleb128 0xb
 668 00d6 49       		.uleb128 0x49
 669 00d7 13       		.uleb128 0x13
 670 00d8 3F       		.uleb128 0x3f
 671 00d9 0C       		.uleb128 0xc
 672 00da 02       		.uleb128 0x2
 673 00db 0A       		.uleb128 0xa
 674 00dc 00       		.byte	0
 675 00dd 00       		.byte	0
 676 00de 12       		.uleb128 0x12
 677 00df 0F       		.uleb128 0xf
 678 00e0 00       		.byte	0
 679 00e1 0B       		.uleb128 0xb
 680 00e2 0B       		.uleb128 0xb
 681 00e3 00       		.byte	0
 682 00e4 00       		.byte	0
GAS LISTING C:\Users\nascapro\AppData\Local\Temp\ccqjQAEA.s 			page 13


 683 00e5 00       		.byte	0
 684              		.section	.debug_aranges,"",@progbits
 685 0000 0000001C 		.4byte	0x1c
 686 0004 0002     		.2byte	0x2
 687 0006 00000000 		.4byte	.Ldebug_info0
 688 000a 04       		.byte	0x4
 689 000b 00       		.byte	0
 690 000c 0000     		.2byte	0
 691 000e 0000     		.2byte	0
 692 0010 00000000 		.4byte	.LFB2
 693 0014 0000000E 		.4byte	.LFE2-.LFB2
 694 0018 00000000 		.4byte	0
 695 001c 00000000 		.4byte	0
 696              		.section	.debug_ranges,"",@progbits
 697              	.Ldebug_ranges0:
 698 0000 00000000 		.4byte	.LFB2
 699 0004 00000000 		.4byte	.LFE2
 700 0008 00000000 		.4byte	0
 701 000c 00000000 		.4byte	0
 702              		.section	.debug_line,"",@progbits
 703              	.Ldebug_line0:
 704 0000 0000026A 		.section	.debug_str,"MS",@progbits,1
 704      00020000 
 704      02530201 
 704      FB0E0D00 
 704      01010101 
 705              	.LASF29:
 706 0000 49324348 		.string	"I2CHWConfig"
 706      57436F6E 
 706      66696700 
 707              	.LASF5:
 708 000c 5F5F7569 		.string	"__uint8_t"
 708      6E74385F 
 708      7400
 709              	.LASF17:
 710 0016 6932635F 		.string	"i2c_type_t"
 710      74797065 
 710      5F7400
 711              	.LASF36:
 712 0021 49525153 		.string	"IRQState"
 712      74617465 
 712      00
 713              	.LASF27:
 714 002a 7472616E 		.string	"transfer_mode"
 714      73666572 
 714      5F6D6F64 
 714      6500
 715              	.LASF23:
 716 0038 6932635F 		.string	"i2c_transfer_mode_t"
 716      7472616E 
 716      73666572 
 716      5F6D6F64 
 716      655F7400 
 717              	.LASF15:
 718 004c 4932435F 		.string	"I2C_HARDWARE"
 718      48415244 
 718      57415245 
GAS LISTING C:\Users\nascapro\AppData\Local\Temp\ccqjQAEA.s 			page 14


 718      00
 719              	.LASF3:
 720 0059 73686F72 		.string	"short unsigned int"
 720      7420756E 
 720      7369676E 
 720      65642069 
 720      6E7400
 721              	.LASF2:
 722 006c 73686F72 		.string	"short int"
 722      7420696E 
 722      7400
 723              	.LASF22:
 724 0076 4932435F 		.string	"I2C_DRIVEN_BY_INTERRUPT"
 724      44524956 
 724      454E5F42 
 724      595F494E 
 724      54455252 
 725              	.LASF46:
 726 008e 474E5520 		.ascii	"GNU C 4.9.4 20160726 (Sat May 27 11:09:55 CDT 2017         b"
 726      4320342E 
 726      392E3420 
 726      32303136 
 726      30373236 
 727 00ca 75696C64 		.ascii	"uild.sh"
 727      2E7368
 728 00d1 20726576 		.string	" rev=gd8b6c20 s=F494 ELe200 -V release_gd8b6c20_build_Fed_ELe200_ML0) -mcall-sysv -mcpu=e
 728      3D676438 
 728      62366332 
 728      3020733D 
 728      46343934 
 729              	.LASF14:
 730 01d2 49324344 		.string	"I2CDriver"
 730      72697665 
 730      7200
 731              	.LASF40:
 732 01dc 49324344 		.string	"I2CD1"
 732      3100
 733              	.LASF1:
 734 01e2 756E7369 		.string	"unsigned char"
 734      676E6564 
 734      20636861 
 734      7200
 735              	.LASF16:
 736 01f0 4932435F 		.string	"I2C_SOFTWARE"
 736      534F4654 
 736      57415245 
 736      00
 737              	.LASF7:
 738 01fd 6C6F6E67 		.string	"long unsigned int"
 738      20756E73 
 738      69676E65 
 738      6420696E 
 738      7400
 739              	.LASF32:
 740 020f 41454B5F 		.string	"AEK_TOF_NO_ERROR"
 740      544F465F 
 740      4E4F5F45 
GAS LISTING C:\Users\nascapro\AppData\Local\Temp\ccqjQAEA.s 			page 15


 740      52524F52 
 740      00
 741              	.LASF26:
 742 0220 736C6176 		.string	"slave_addr"
 742      655F6164 
 742      647200
 743              	.LASF41:
 744 022b 6932635F 		.string	"i2c_hw_config_AEK_SNS_VL53L1X1Board0"
 744      68775F63 
 744      6F6E6669 
 744      675F4145 
 744      4B5F534E 
 745              	.LASF45:
 746 0250 756C645F 		.string	"uld_VL53L1X"
 746      564C3533 
 746      4C315800 
 747              	.LASF6:
 748 025c 5F5F7569 		.string	"__uint32_t"
 748      6E743332 
 748      5F7400
 749              	.LASF31:
 750 0267 78736875 		.string	"xshut_t"
 750      745F7400 
 751              	.LASF19:
 752 026f 4932435F 		.string	"I2C_MASTER"
 752      4D415354 
 752      455200
 753              	.LASF18:
 754 027a 4932435F 		.string	"I2C_SLAVE"
 754      534C4156 
 754      4500
 755              	.LASF21:
 756 0284 4932435F 		.string	"I2C_DRIVEN_BY_POLLING"
 756      44524956 
 756      454E5F42 
 756      595F504F 
 756      4C4C494E 
 757              	.LASF10:
 758 029a 756E7369 		.string	"unsigned int"
 758      676E6564 
 758      20696E74 
 758      00
 759              	.LASF48:
 760 02a7 433A5C41 		.string	"C:\\AutoDevKitStudio-2.1\\workspace\\AutoDevKitCarV1"
 760      75746F44 
 760      65764B69 
 760      74537475 
 760      64696F2D 
 761              	.LASF49:
 762 02d9 544F465F 		.string	"TOF_Callback0"
 762      43616C6C 
 762      6261636B 
 762      3000
 763              	.LASF9:
 764 02e7 6C6F6E67 		.string	"long long unsigned int"
 764      206C6F6E 
 764      6720756E 
GAS LISTING C:\Users\nascapro\AppData\Local\Temp\ccqjQAEA.s 			page 16


 764      7369676E 
 764      65642069 
 765              	.LASF11:
 766 02fe 75696E74 		.string	"uint8_t"
 766      385F7400 
 767              	.LASF25:
 768 0306 6D6F6465 		.string	"mode"
 768      00
 769              	.LASF34:
 770 030b 41454B5F 		.string	"AEK_TOF_ERROR"
 770      544F465F 
 770      4552524F 
 770      5200
 771              	.LASF13:
 772 0319 73697A65 		.string	"sizetype"
 772      74797065 
 772      00
 773              	.LASF8:
 774 0322 6C6F6E67 		.string	"long long int"
 774      206C6F6E 
 774      6720696E 
 774      7400
 775              	.LASF28:
 776 0330 74696D65 		.string	"timeout"
 776      6F757400 
 777              	.LASF33:
 778 0338 41454B5F 		.string	"AEK_TOF_ERROR_CONFIGURATION"
 778      544F465F 
 778      4552524F 
 778      525F434F 
 778      4E464947 
 779              	.LASF30:
 780 0354 706F7274 		.string	"port"
 780      00
 781              	.LASF42:
 782 0359 41454B5F 		.string	"AEK_SNS_VL53L1X_I2C_ARRAY_DRIVER"
 782      534E535F 
 782      564C3533 
 782      4C31585F 
 782      4932435F 
 783              	.LASF24:
 784 037a 74797065 		.string	"type"
 784      00
 785              	.LASF35:
 786 037f 58736875 		.string	"Xshut"
 786      7400
 787              	.LASF20:
 788 0385 6932635F 		.string	"i2c_mode_t"
 788      6D6F6465 
 788      5F7400
 789              	.LASF43:
 790 0390 41454B5F 		.string	"AEK_SNS_VL53L1X_I2C_ARRAY_CONFIGURATION"
 790      534E535F 
 790      564C3533 
 790      4C31585F 
 790      4932435F 
 791              	.LASF39:
GAS LISTING C:\Users\nascapro\AppData\Local\Temp\ccqjQAEA.s 			page 17


 792 03b8 756C645F 		.string	"uld_vl53l1x_t"
 792      766C3533 
 792      6C31785F 
 792      7400
 793              	.LASF12:
 794 03c6 75696E74 		.string	"uint32_t"
 794      33325F74 
 794      00
 795              	.LASF4:
 796 03cf 6C6F6E67 		.string	"long int"
 796      20696E74 
 796      00
 797              	.LASF38:
 798 03d8 73746174 		.string	"stateSensor"
 798      6553656E 
 798      736F7200 
 799              	.LASF0:
 800 03e4 7369676E 		.string	"signed char"
 800      65642063 
 800      68617200 
 801              	.LASF47:
 802 03f0 2E2F636F 		.string	"./components/aek_sns_vl53l1x1_component_rla/cfg/AEK_SNS_VL53L1X1_cfg.c"
 802      6D706F6E 
 802      656E7473 
 802      2F61656B 
 802      5F736E73 
 803              	.LASF44:
 804 0437 58736875 		.string	"XshutMatrix"
 804      744D6174 
 804      72697800 
 805              	.LASF37:
 806 0443 6572726F 		.string	"errorState"
 806      72537461 
 806      746500
 807              		.ident	"GCC: (GNU) 4.9.4 20160726 (Sat May 27 11:09:55 CDT 2017         build.sh rev=gd8b6c20 s=F4
GAS LISTING C:\Users\nascapro\AppData\Local\Temp\ccqjQAEA.s 			page 18


DEFINED SYMBOLS
                            *ABS*:00000000 AEK_SNS_VL53L1X1_cfg.c
C:\Users\nascapro\AppData\Local\Temp\ccqjQAEA.s:10     .bss.uld_VL53L1X:00000000 uld_VL53L1X
C:\Users\nascapro\AppData\Local\Temp\ccqjQAEA.s:16     .data.XshutMatrix:00000000 XshutMatrix
C:\Users\nascapro\AppData\Local\Temp\ccqjQAEA.s:24     .data.AEK_SNS_VL53L1X_I2C_ARRAY_DRIVER:00000000 AEK_SNS_VL53L1X_I2C_ARRAY_DRIVER
C:\Users\nascapro\AppData\Local\Temp\ccqjQAEA.s:31     .data.AEK_SNS_VL53L1X_I2C_ARRAY_CONFIGURATION:00000000 AEK_SNS_VL53L1X_I2C_ARRAY_CONFIGURATION
C:\Users\nascapro\AppData\Local\Temp\ccqjQAEA.s:38     .text.TOF_Callback0:00000000 TOF_Callback0

UNDEFINED SYMBOLS
I2CD1
i2c_hw_config_AEK_SNS_VL53L1X1Board0
