GAS LISTING C:\Users\nascapro\AppData\Local\Temp\ccA2i9OP.s 			page 1


   1              		.file	"board.c"
   2              		.section	".text","axv"
   3              	.Ltext0:
   4              		.cfi_sections	.debug_frame
   5              		.section	.data.spc_mscr_io_init,"aw",@progbits
   6              		.align 2
   7              		.type	spc_mscr_io_init, @object
   8              		.size	spc_mscr_io_init, 240
   9              	spc_mscr_io_init:
  10 0000 0001     		.short	1
  11 0002 0000     		.zero	2
  12 0004 00890000 		.long	8978432
  13 0008 00       		.byte	0
  14 0009 000000   		.zero	3
  15 000c 000A     		.short	10
  16 000e 0000     		.zero	2
  17 0010 12880000 		.long	310902784
  18 0014 00       		.byte	0
  19 0015 000000   		.zero	3
  20 0018 000B     		.short	11
  21 001a 0000     		.zero	2
  22 001c 12880000 		.long	310902784
  23 0020 00       		.byte	0
  24 0021 000000   		.zero	3
  25 0024 0002     		.short	2
  26 0026 0000     		.zero	2
  27 0028 02880001 		.long	42467329
  28 002c 00       		.byte	0
  29 002d 000000   		.zero	3
  30 0030 001B     		.short	27
  31 0032 0000     		.zero	2
  32 0034 12880008 		.long	310902792
  33 0038 01       		.byte	1
  34 0039 000000   		.zero	3
  35 003c 0018     		.short	24
  36 003e 0000     		.zero	2
  37 0040 21880003 		.long	562561027
  38 0044 00       		.byte	0
  39 0045 000000   		.zero	3
  40 0048 0019     		.short	25
  41 004a 0000     		.zero	2
  42 004c 21880003 		.long	562561027
  43 0050 00       		.byte	0
  44 0051 000000   		.zero	3
  45 0054 0021     		.short	33
  46 0056 0000     		.zero	2
  47 0058 12880000 		.long	310902784
  48 005c 00       		.byte	0
  49 005d 000000   		.zero	3
  50 0060 002D     		.short	45
  51 0062 0000     		.zero	2
  52 0064 12880002 		.long	310902786
  53 0068 00       		.byte	0
  54 0069 000000   		.zero	3
  55 006c 0022     		.short	34
  56 006e 0000     		.zero	2
  57 0070 00080000 		.long	524288
GAS LISTING C:\Users\nascapro\AppData\Local\Temp\ccA2i9OP.s 			page 2


  58 0074 00       		.byte	0
  59 0075 000000   		.zero	3
  60 0078 0023     		.short	35
  61 007a 0000     		.zero	2
  62 007c 12880000 		.long	310902784
  63 0080 00       		.byte	0
  64 0081 000000   		.zero	3
  65 0084 003B     		.short	59
  66 0086 0000     		.zero	2
  67 0088 10880000 		.long	277348352
  68 008c 00       		.byte	0
  69 008d 000000   		.zero	3
  70 0090 003C     		.short	60
  71 0092 0000     		.zero	2
  72 0094 12880002 		.long	310902786
  73 0098 00       		.byte	0
  74 0099 000000   		.zero	3
  75 009c 003E     		.short	62
  76 009e 0000     		.zero	2
  77 00a0 12880000 		.long	310902784
  78 00a4 00       		.byte	0
  79 00a5 000000   		.zero	3
  80 00a8 003F     		.short	63
  81 00aa 0000     		.zero	2
  82 00ac 12880000 		.long	310902784
  83 00b0 00       		.byte	0
  84 00b1 000000   		.zero	3
  85 00b4 0035     		.short	53
  86 00b6 0000     		.zero	2
  87 00b8 12880001 		.long	310902785
  88 00bc 00       		.byte	0
  89 00bd 000000   		.zero	3
  90 00c0 004A     		.short	74
  91 00c2 0000     		.zero	2
  92 00c4 12880000 		.long	310902784
  93 00c8 00       		.byte	0
  94 00c9 000000   		.zero	3
  95 00cc 004B     		.short	75
  96 00ce 0000     		.zero	2
  97 00d0 12880000 		.long	310902784
  98 00d4 00       		.byte	0
  99 00d5 000000   		.zero	3
 100 00d8 006B     		.short	107
 101 00da 0000     		.zero	2
 102 00dc 12880001 		.long	310902785
 103 00e0 00       		.byte	0
 104 00e1 000000   		.zero	3
 105 00e4 FFFF     		.short	-1
 106 00e6 0000     		.zero	2
 107 00e8 00000000 		.long	0
 108 00ec 00       		.byte	0
 109 00ed 000000   		.zero	3
 110              		.section	.data.spc_mscr_mux_init,"aw",@progbits
 111              		.align 2
 112              		.type	spc_mscr_mux_init, @object
 113              		.size	spc_mscr_mux_init, 40
 114              	spc_mscr_mux_init:
GAS LISTING C:\Users\nascapro\AppData\Local\Temp\ccA2i9OP.s 			page 3


 115 0000 0151     		.short	337
 116 0002 0000     		.zero	2
 117 0004 00000001 		.long	1
 118 0008 0129     		.short	297
 119 000a 0000     		.zero	2
 120 000c 00000003 		.long	3
 121 0010 0128     		.short	296
 122 0012 0000     		.zero	2
 123 0014 00000003 		.long	3
 124 0018 0170     		.short	368
 125 001a 0000     		.zero	2
 126 001c 00000002 		.long	2
 127 0020 FFFF     		.short	-1
 128 0022 0000     		.zero	2
 129 0024 00000000 		.long	0
 130              		.section	.data.pal_default_config,"aw",@progbits
 131              		.align 2
 132              		.type	pal_default_config, @object
 133              		.size	pal_default_config, 8
 134              	pal_default_config:
 135 0000 00000000 		.long	spc_mscr_io_init
 136 0004 00000000 		.long	spc_mscr_mux_init
 137              		.section	.text.boardInit,"axv",@progbits
 138              		.align 1
 139              		.p2align 4,,15
 140              		.globl boardInit
 141              		.type	boardInit, @function
 142              	boardInit:
 143              	.LFB2:
 144              		.file 1 "./components/spc582bxx_board_initialization_component_rla/cfg/board.c"
 145              		.loc 1 66 0
 146              		.cfi_startproc
 147 0000 182106F8 		e_stwu %r1,-8(%r1)
 148              	.LCFI0:
 149              		.cfi_def_cfa_offset 8
 150 0004 0080     		se_mflr %r0
 151 0006 D301     		se_stw %r0,12(%r1)
 152              		.cfi_offset 65, 4
 153              		.loc 1 68 0
 154 0008 70E0E000 		e_lis %r7,pal_default_config@ha
 155 000c 1C670000 		e_la %r3,pal_default_config@l(%r7)
 156 0010 78000001 		e_bl pal_init
 157              		.loc 1 69 0
 158 0014 C301     		se_lwz %r0,12(%r1)
 159 0016 0090     		se_mtlr %r0
 160 0018 2071     		se_addi %r1,8
 161              	.LCFI1:
 162              		.cfi_def_cfa_offset 0
 163 001a 0004     		se_blr
 164              		.cfi_endproc
 165              	.LFE2:
 166              		.size	boardInit, .-boardInit
 167              		.section	".text","axv"
 168              	.Letext0:
 169              		.file 2 "c:\\autodevkitstudio-2.1\\eclipse\\plugins\\com.st.tools.spc5.tools.gnu.gcc.ppcvle.win32_
 170              		.file 3 "c:\\autodevkitstudio-2.1\\eclipse\\plugins\\com.st.tools.spc5.tools.gnu.gcc.ppcvle.win32_
 171              		.file 4 "./components/spc582bxx_board_initialization_component_rla/lib/include/pal.h"
GAS LISTING C:\Users\nascapro\AppData\Local\Temp\ccA2i9OP.s 			page 4


 172              		.section	.debug_info,"",@progbits
 173              	.Ldebug_info0:
 174 0000 000001D3 		.4byte	0x1d3
 175 0004 0002     		.2byte	0x2
 176 0006 00000000 		.4byte	.Ldebug_abbrev0
 177 000a 04       		.byte	0x4
 178 000b 01       		.uleb128 0x1
 179 000c 00000000 		.4byte	.LASF28
 180 0010 01       		.byte	0x1
 181 0011 00000000 		.4byte	.LASF29
 182 0015 00000000 		.4byte	.LASF30
 183 0019 00000000 		.4byte	.Ldebug_ranges0+0
 184 001d 00000000 		.4byte	0
 185 0021 00000000 		.4byte	0
 186 0025 00000000 		.4byte	.Ldebug_line0
 187 0029 02       		.uleb128 0x2
 188 002a 01       		.byte	0x1
 189 002b 06       		.byte	0x6
 190 002c 00000000 		.4byte	.LASF0
 191 0030 03       		.uleb128 0x3
 192 0031 00000000 		.4byte	.LASF2
 193 0035 02       		.byte	0x2
 194 0036 1D       		.byte	0x1d
 195 0037 0000003B 		.4byte	0x3b
 196 003b 02       		.uleb128 0x2
 197 003c 01       		.byte	0x1
 198 003d 08       		.byte	0x8
 199 003e 00000000 		.4byte	.LASF1
 200 0042 03       		.uleb128 0x3
 201 0043 00000000 		.4byte	.LASF3
 202 0047 02       		.byte	0x2
 203 0048 29       		.byte	0x29
 204 0049 0000004D 		.4byte	0x4d
 205 004d 02       		.uleb128 0x2
 206 004e 02       		.byte	0x2
 207 004f 05       		.byte	0x5
 208 0050 00000000 		.4byte	.LASF4
 209 0054 02       		.uleb128 0x2
 210 0055 02       		.byte	0x2
 211 0056 07       		.byte	0x7
 212 0057 00000000 		.4byte	.LASF5
 213 005b 02       		.uleb128 0x2
 214 005c 04       		.byte	0x4
 215 005d 05       		.byte	0x5
 216 005e 00000000 		.4byte	.LASF6
 217 0062 03       		.uleb128 0x3
 218 0063 00000000 		.4byte	.LASF7
 219 0067 02       		.byte	0x2
 220 0068 41       		.byte	0x41
 221 0069 0000006D 		.4byte	0x6d
 222 006d 02       		.uleb128 0x2
 223 006e 04       		.byte	0x4
 224 006f 07       		.byte	0x7
 225 0070 00000000 		.4byte	.LASF8
 226 0074 02       		.uleb128 0x2
 227 0075 08       		.byte	0x8
 228 0076 05       		.byte	0x5
GAS LISTING C:\Users\nascapro\AppData\Local\Temp\ccA2i9OP.s 			page 5


 229 0077 00000000 		.4byte	.LASF9
 230 007b 02       		.uleb128 0x2
 231 007c 08       		.byte	0x8
 232 007d 07       		.byte	0x7
 233 007e 00000000 		.4byte	.LASF10
 234 0082 04       		.uleb128 0x4
 235 0083 04       		.byte	0x4
 236 0084 05       		.byte	0x5
 237 0085 696E7400 		.string	"int"
 238 0089 02       		.uleb128 0x2
 239 008a 04       		.byte	0x4
 240 008b 07       		.byte	0x7
 241 008c 00000000 		.4byte	.LASF11
 242 0090 03       		.uleb128 0x3
 243 0091 00000000 		.4byte	.LASF12
 244 0095 03       		.byte	0x3
 245 0096 15       		.byte	0x15
 246 0097 00000030 		.4byte	0x30
 247 009b 03       		.uleb128 0x3
 248 009c 00000000 		.4byte	.LASF13
 249 00a0 03       		.byte	0x3
 250 00a1 20       		.byte	0x20
 251 00a2 00000042 		.4byte	0x42
 252 00a6 03       		.uleb128 0x3
 253 00a7 00000000 		.4byte	.LASF14
 254 00ab 03       		.byte	0x3
 255 00ac 2D       		.byte	0x2d
 256 00ad 00000062 		.4byte	0x62
 257 00b1 02       		.uleb128 0x2
 258 00b2 04       		.byte	0x4
 259 00b3 07       		.byte	0x7
 260 00b4 00000000 		.4byte	.LASF15
 261 00b8 03       		.uleb128 0x3
 262 00b9 00000000 		.4byte	.LASF16
 263 00bd 04       		.byte	0x4
 264 00be 8B       		.byte	0x8b
 265 00bf 000000A6 		.4byte	0xa6
 266 00c3 05       		.uleb128 0x5
 267 00c4 0C       		.byte	0xc
 268 00c5 04       		.byte	0x4
 269 00c6 95       		.byte	0x95
 270 00c7 000000F6 		.4byte	0xf6
 271 00cb 06       		.uleb128 0x6
 272 00cc 00000000 		.4byte	.LASF17
 273 00d0 04       		.byte	0x4
 274 00d1 96       		.byte	0x96
 275 00d2 0000009B 		.4byte	0x9b
 276 00d6 02       		.byte	0x2
 277 00d7 23       		.byte	0x23
 278 00d8 00       		.uleb128 0
 279 00d9 06       		.uleb128 0x6
 280 00da 00000000 		.4byte	.LASF18
 281 00de 04       		.byte	0x4
 282 00df 97       		.byte	0x97
 283 00e0 000000B8 		.4byte	0xb8
 284 00e4 02       		.byte	0x2
 285 00e5 23       		.byte	0x23
GAS LISTING C:\Users\nascapro\AppData\Local\Temp\ccA2i9OP.s 			page 6


 286 00e6 04       		.uleb128 0x4
 287 00e7 06       		.uleb128 0x6
 288 00e8 00000000 		.4byte	.LASF19
 289 00ec 04       		.byte	0x4
 290 00ed 98       		.byte	0x98
 291 00ee 00000090 		.4byte	0x90
 292 00f2 02       		.byte	0x2
 293 00f3 23       		.byte	0x23
 294 00f4 08       		.uleb128 0x8
 295 00f5 00       		.byte	0
 296 00f6 03       		.uleb128 0x3
 297 00f7 00000000 		.4byte	.LASF20
 298 00fb 04       		.byte	0x4
 299 00fc 99       		.byte	0x99
 300 00fd 000000C3 		.4byte	0xc3
 301 0101 05       		.uleb128 0x5
 302 0102 08       		.byte	0x8
 303 0103 04       		.byte	0x4
 304 0104 9E       		.byte	0x9e
 305 0105 00000126 		.4byte	0x126
 306 0109 06       		.uleb128 0x6
 307 010a 00000000 		.4byte	.LASF17
 308 010e 04       		.byte	0x4
 309 010f 9F       		.byte	0x9f
 310 0110 0000009B 		.4byte	0x9b
 311 0114 02       		.byte	0x2
 312 0115 23       		.byte	0x23
 313 0116 00       		.uleb128 0
 314 0117 06       		.uleb128 0x6
 315 0118 00000000 		.4byte	.LASF18
 316 011c 04       		.byte	0x4
 317 011d A0       		.byte	0xa0
 318 011e 000000A6 		.4byte	0xa6
 319 0122 02       		.byte	0x2
 320 0123 23       		.byte	0x23
 321 0124 04       		.uleb128 0x4
 322 0125 00       		.byte	0
 323 0126 03       		.uleb128 0x3
 324 0127 00000000 		.4byte	.LASF21
 325 012b 04       		.byte	0x4
 326 012c A1       		.byte	0xa1
 327 012d 00000101 		.4byte	0x101
 328 0131 05       		.uleb128 0x5
 329 0132 08       		.byte	0x8
 330 0133 04       		.byte	0x4
 331 0134 AC       		.byte	0xac
 332 0135 00000156 		.4byte	0x156
 333 0139 06       		.uleb128 0x6
 334 013a 00000000 		.4byte	.LASF22
 335 013e 04       		.byte	0x4
 336 013f AD       		.byte	0xad
 337 0140 00000156 		.4byte	0x156
 338 0144 02       		.byte	0x2
 339 0145 23       		.byte	0x23
 340 0146 00       		.uleb128 0
 341 0147 06       		.uleb128 0x6
 342 0148 00000000 		.4byte	.LASF23
GAS LISTING C:\Users\nascapro\AppData\Local\Temp\ccA2i9OP.s 			page 7


 343 014c 04       		.byte	0x4
 344 014d AE       		.byte	0xae
 345 014e 0000015C 		.4byte	0x15c
 346 0152 02       		.byte	0x2
 347 0153 23       		.byte	0x23
 348 0154 04       		.uleb128 0x4
 349 0155 00       		.byte	0
 350 0156 07       		.uleb128 0x7
 351 0157 04       		.byte	0x4
 352 0158 000000F6 		.4byte	0xf6
 353 015c 07       		.uleb128 0x7
 354 015d 04       		.byte	0x4
 355 015e 00000126 		.4byte	0x126
 356 0162 03       		.uleb128 0x3
 357 0163 00000000 		.4byte	.LASF24
 358 0167 04       		.byte	0x4
 359 0168 AF       		.byte	0xaf
 360 0169 00000131 		.4byte	0x131
 361 016d 08       		.uleb128 0x8
 362 016e 01       		.byte	0x1
 363 016f 00000000 		.4byte	.LASF31
 364 0173 01       		.byte	0x1
 365 0174 42       		.byte	0x42
 366 0175 01       		.byte	0x1
 367 0176 00000000 		.4byte	.LFB2
 368 017a 00000000 		.4byte	.LFE2
 369 017e 00000000 		.4byte	.LLST0
 370 0182 01       		.byte	0x1
 371 0183 09       		.uleb128 0x9
 372 0184 000000F6 		.4byte	0xf6
 373 0188 00000193 		.4byte	0x193
 374 018c 0A       		.uleb128 0xa
 375 018d 000000B1 		.4byte	0xb1
 376 0191 13       		.byte	0x13
 377 0192 00       		.byte	0
 378 0193 0B       		.uleb128 0xb
 379 0194 00000000 		.4byte	.LASF25
 380 0198 01       		.byte	0x1
 381 0199 14       		.byte	0x14
 382 019a 00000183 		.4byte	0x183
 383 019e 05       		.byte	0x5
 384 019f 03       		.byte	0x3
 385 01a0 00000000 		.4byte	spc_mscr_io_init
 386 01a4 09       		.uleb128 0x9
 387 01a5 00000126 		.4byte	0x126
 388 01a9 000001B4 		.4byte	0x1b4
 389 01ad 0A       		.uleb128 0xa
 390 01ae 000000B1 		.4byte	0xb1
 391 01b2 04       		.byte	0x4
 392 01b3 00       		.byte	0
 393 01b4 0B       		.uleb128 0xb
 394 01b5 00000000 		.4byte	.LASF26
 395 01b9 01       		.byte	0x1
 396 01ba 2F       		.byte	0x2f
 397 01bb 000001A4 		.4byte	0x1a4
 398 01bf 05       		.byte	0x5
 399 01c0 03       		.byte	0x3
GAS LISTING C:\Users\nascapro\AppData\Local\Temp\ccA2i9OP.s 			page 8


 400 01c1 00000000 		.4byte	spc_mscr_mux_init
 401 01c5 0B       		.uleb128 0xb
 402 01c6 00000000 		.4byte	.LASF27
 403 01ca 01       		.byte	0x1
 404 01cb 3A       		.byte	0x3a
 405 01cc 00000162 		.4byte	0x162
 406 01d0 05       		.byte	0x5
 407 01d1 03       		.byte	0x3
 408 01d2 00000000 		.4byte	pal_default_config
 409 01d6 00       		.byte	0
 410              		.section	.debug_abbrev,"",@progbits
 411              	.Ldebug_abbrev0:
 412 0000 01       		.uleb128 0x1
 413 0001 11       		.uleb128 0x11
 414 0002 01       		.byte	0x1
 415 0003 25       		.uleb128 0x25
 416 0004 0E       		.uleb128 0xe
 417 0005 13       		.uleb128 0x13
 418 0006 0B       		.uleb128 0xb
 419 0007 03       		.uleb128 0x3
 420 0008 0E       		.uleb128 0xe
 421 0009 1B       		.uleb128 0x1b
 422 000a 0E       		.uleb128 0xe
 423 000b 55       		.uleb128 0x55
 424 000c 06       		.uleb128 0x6
 425 000d 11       		.uleb128 0x11
 426 000e 01       		.uleb128 0x1
 427 000f 52       		.uleb128 0x52
 428 0010 01       		.uleb128 0x1
 429 0011 10       		.uleb128 0x10
 430 0012 06       		.uleb128 0x6
 431 0013 00       		.byte	0
 432 0014 00       		.byte	0
 433 0015 02       		.uleb128 0x2
 434 0016 24       		.uleb128 0x24
 435 0017 00       		.byte	0
 436 0018 0B       		.uleb128 0xb
 437 0019 0B       		.uleb128 0xb
 438 001a 3E       		.uleb128 0x3e
 439 001b 0B       		.uleb128 0xb
 440 001c 03       		.uleb128 0x3
 441 001d 0E       		.uleb128 0xe
 442 001e 00       		.byte	0
 443 001f 00       		.byte	0
 444 0020 03       		.uleb128 0x3
 445 0021 16       		.uleb128 0x16
 446 0022 00       		.byte	0
 447 0023 03       		.uleb128 0x3
 448 0024 0E       		.uleb128 0xe
 449 0025 3A       		.uleb128 0x3a
 450 0026 0B       		.uleb128 0xb
 451 0027 3B       		.uleb128 0x3b
 452 0028 0B       		.uleb128 0xb
 453 0029 49       		.uleb128 0x49
 454 002a 13       		.uleb128 0x13
 455 002b 00       		.byte	0
 456 002c 00       		.byte	0
GAS LISTING C:\Users\nascapro\AppData\Local\Temp\ccA2i9OP.s 			page 9


 457 002d 04       		.uleb128 0x4
 458 002e 24       		.uleb128 0x24
 459 002f 00       		.byte	0
 460 0030 0B       		.uleb128 0xb
 461 0031 0B       		.uleb128 0xb
 462 0032 3E       		.uleb128 0x3e
 463 0033 0B       		.uleb128 0xb
 464 0034 03       		.uleb128 0x3
 465 0035 08       		.uleb128 0x8
 466 0036 00       		.byte	0
 467 0037 00       		.byte	0
 468 0038 05       		.uleb128 0x5
 469 0039 13       		.uleb128 0x13
 470 003a 01       		.byte	0x1
 471 003b 0B       		.uleb128 0xb
 472 003c 0B       		.uleb128 0xb
 473 003d 3A       		.uleb128 0x3a
 474 003e 0B       		.uleb128 0xb
 475 003f 3B       		.uleb128 0x3b
 476 0040 0B       		.uleb128 0xb
 477 0041 01       		.uleb128 0x1
 478 0042 13       		.uleb128 0x13
 479 0043 00       		.byte	0
 480 0044 00       		.byte	0
 481 0045 06       		.uleb128 0x6
 482 0046 0D       		.uleb128 0xd
 483 0047 00       		.byte	0
 484 0048 03       		.uleb128 0x3
 485 0049 0E       		.uleb128 0xe
 486 004a 3A       		.uleb128 0x3a
 487 004b 0B       		.uleb128 0xb
 488 004c 3B       		.uleb128 0x3b
 489 004d 0B       		.uleb128 0xb
 490 004e 49       		.uleb128 0x49
 491 004f 13       		.uleb128 0x13
 492 0050 38       		.uleb128 0x38
 493 0051 0A       		.uleb128 0xa
 494 0052 00       		.byte	0
 495 0053 00       		.byte	0
 496 0054 07       		.uleb128 0x7
 497 0055 0F       		.uleb128 0xf
 498 0056 00       		.byte	0
 499 0057 0B       		.uleb128 0xb
 500 0058 0B       		.uleb128 0xb
 501 0059 49       		.uleb128 0x49
 502 005a 13       		.uleb128 0x13
 503 005b 00       		.byte	0
 504 005c 00       		.byte	0
 505 005d 08       		.uleb128 0x8
 506 005e 2E       		.uleb128 0x2e
 507 005f 00       		.byte	0
 508 0060 3F       		.uleb128 0x3f
 509 0061 0C       		.uleb128 0xc
 510 0062 03       		.uleb128 0x3
 511 0063 0E       		.uleb128 0xe
 512 0064 3A       		.uleb128 0x3a
 513 0065 0B       		.uleb128 0xb
GAS LISTING C:\Users\nascapro\AppData\Local\Temp\ccA2i9OP.s 			page 10


 514 0066 3B       		.uleb128 0x3b
 515 0067 0B       		.uleb128 0xb
 516 0068 27       		.uleb128 0x27
 517 0069 0C       		.uleb128 0xc
 518 006a 11       		.uleb128 0x11
 519 006b 01       		.uleb128 0x1
 520 006c 12       		.uleb128 0x12
 521 006d 01       		.uleb128 0x1
 522 006e 40       		.uleb128 0x40
 523 006f 06       		.uleb128 0x6
 524 0070 9642     		.uleb128 0x2116
 525 0072 0C       		.uleb128 0xc
 526 0073 00       		.byte	0
 527 0074 00       		.byte	0
 528 0075 09       		.uleb128 0x9
 529 0076 01       		.uleb128 0x1
 530 0077 01       		.byte	0x1
 531 0078 49       		.uleb128 0x49
 532 0079 13       		.uleb128 0x13
 533 007a 01       		.uleb128 0x1
 534 007b 13       		.uleb128 0x13
 535 007c 00       		.byte	0
 536 007d 00       		.byte	0
 537 007e 0A       		.uleb128 0xa
 538 007f 21       		.uleb128 0x21
 539 0080 00       		.byte	0
 540 0081 49       		.uleb128 0x49
 541 0082 13       		.uleb128 0x13
 542 0083 2F       		.uleb128 0x2f
 543 0084 0B       		.uleb128 0xb
 544 0085 00       		.byte	0
 545 0086 00       		.byte	0
 546 0087 0B       		.uleb128 0xb
 547 0088 34       		.uleb128 0x34
 548 0089 00       		.byte	0
 549 008a 03       		.uleb128 0x3
 550 008b 0E       		.uleb128 0xe
 551 008c 3A       		.uleb128 0x3a
 552 008d 0B       		.uleb128 0xb
 553 008e 3B       		.uleb128 0x3b
 554 008f 0B       		.uleb128 0xb
 555 0090 49       		.uleb128 0x49
 556 0091 13       		.uleb128 0x13
 557 0092 02       		.uleb128 0x2
 558 0093 0A       		.uleb128 0xa
 559 0094 00       		.byte	0
 560 0095 00       		.byte	0
 561 0096 00       		.byte	0
 562              		.section	.debug_loc,"",@progbits
 563              	.Ldebug_loc0:
 564              	.LLST0:
 565 0000 00000000 		.4byte	.LFB2
 566 0004 00000000 		.4byte	.LCFI0
 567 0008 0002     		.2byte	0x2
 568 000a 71       		.byte	0x71
 569 000b 00       		.sleb128 0
 570 000c 00000000 		.4byte	.LCFI0
GAS LISTING C:\Users\nascapro\AppData\Local\Temp\ccA2i9OP.s 			page 11


 571 0010 00000000 		.4byte	.LCFI1
 572 0014 0002     		.2byte	0x2
 573 0016 71       		.byte	0x71
 574 0017 08       		.sleb128 8
 575 0018 00000000 		.4byte	.LCFI1
 576 001c 00000000 		.4byte	.LFE2
 577 0020 0002     		.2byte	0x2
 578 0022 71       		.byte	0x71
 579 0023 00       		.sleb128 0
 580 0024 00000000 		.4byte	0
 581 0028 00000000 		.4byte	0
 582              		.section	.debug_aranges,"",@progbits
 583 0000 0000001C 		.4byte	0x1c
 584 0004 0002     		.2byte	0x2
 585 0006 00000000 		.4byte	.Ldebug_info0
 586 000a 04       		.byte	0x4
 587 000b 00       		.byte	0
 588 000c 0000     		.2byte	0
 589 000e 0000     		.2byte	0
 590 0010 00000000 		.4byte	.LFB2
 591 0014 0000001C 		.4byte	.LFE2-.LFB2
 592 0018 00000000 		.4byte	0
 593 001c 00000000 		.4byte	0
 594              		.section	.debug_ranges,"",@progbits
 595              	.Ldebug_ranges0:
 596 0000 00000000 		.4byte	.LFB2
 597 0004 00000000 		.4byte	.LFE2
 598 0008 00000000 		.4byte	0
 599 000c 00000000 		.4byte	0
 600              		.section	.debug_line,"",@progbits
 601              	.Ldebug_line0:
 602 0000 00000203 		.section	.debug_str,"MS",@progbits,1
 602      00020000 
 602      01EB0201 
 602      FB0E0D00 
 602      01010101 
 603              	.LASF2:
 604 0000 5F5F7569 		.string	"__uint8_t"
 604      6E74385F 
 604      7400
 605              	.LASF3:
 606 000a 5F5F696E 		.string	"__int16_t"
 606      7431365F 
 606      7400
 607              	.LASF18:
 608 0014 76616C75 		.string	"value"
 608      6500
 609              	.LASF28:
 610 001a 474E5520 		.ascii	"GNU C 4.9.4 20160726 (Sat May 27 11:09:55 CDT 2017         b"
 610      4320342E 
 610      392E3420 
 610      32303136 
 610      30373236 
 611 0056 75696C64 		.ascii	"uild.sh"
 611      2E7368
 612 005d 20726576 		.string	" rev=gd8b6c20 s=F494 ELe200 -V release_gd8b6c20_build_Fed_ELe200_ML0) -mcall-sysv -mcpu=e
 612      3D676438 
GAS LISTING C:\Users\nascapro\AppData\Local\Temp\ccA2i9OP.s 			page 12


 612      62366332 
 612      3020733D 
 612      46343934 
 613              	.LASF29:
 614 015e 2E2F636F 		.string	"./components/spc582bxx_board_initialization_component_rla/cfg/board.c"
 614      6D706F6E 
 614      656E7473 
 614      2F737063 
 614      35383262 
 615              	.LASF16:
 616 01a4 696F6D6F 		.string	"iomode_t"
 616      64655F74 
 616      00
 617              	.LASF1:
 618 01ad 756E7369 		.string	"unsigned char"
 618      676E6564 
 618      20636861 
 618      7200
 619              	.LASF8:
 620 01bb 6C6F6E67 		.string	"long unsigned int"
 620      20756E73 
 620      69676E65 
 620      6420696E 
 620      7400
 621              	.LASF5:
 622 01cd 73686F72 		.string	"short unsigned int"
 622      7420756E 
 622      7369676E 
 622      65642069 
 622      6E7400
 623              	.LASF20:
 624 01e0 7370635F 		.string	"spc_mscr_io_init_t"
 624      6D736372 
 624      5F696F5F 
 624      696E6974 
 624      5F7400
 625              	.LASF25:
 626 01f3 7370635F 		.string	"spc_mscr_io_init"
 626      6D736372 
 626      5F696F5F 
 626      696E6974 
 626      00
 627              	.LASF24:
 628 0204 50414C43 		.string	"PALConfig"
 628      6F6E6669 
 628      6700
 629              	.LASF27:
 630 020e 70616C5F 		.string	"pal_default_config"
 630      64656661 
 630      756C745F 
 630      636F6E66 
 630      696700
 631              	.LASF7:
 632 0221 5F5F7569 		.string	"__uint32_t"
 632      6E743332 
 632      5F7400
 633              	.LASF11:
GAS LISTING C:\Users\nascapro\AppData\Local\Temp\ccA2i9OP.s 			page 13


 634 022c 756E7369 		.string	"unsigned int"
 634      676E6564 
 634      20696E74 
 634      00
 635              	.LASF30:
 636 0239 433A5C41 		.string	"C:\\AutoDevKitStudio-2.1\\workspace\\AutoDevKitCarV1"
 636      75746F44 
 636      65764B69 
 636      74537475 
 636      64696F2D 
 637              	.LASF10:
 638 026b 6C6F6E67 		.string	"long long unsigned int"
 638      206C6F6E 
 638      6720756E 
 638      7369676E 
 638      65642069 
 639              	.LASF12:
 640 0282 75696E74 		.string	"uint8_t"
 640      385F7400 
 641              	.LASF31:
 642 028a 626F6172 		.string	"boardInit"
 642      64496E69 
 642      7400
 643              	.LASF13:
 644 0294 696E7431 		.string	"int16_t"
 644      365F7400 
 645              	.LASF22:
 646 029c 6D736372 		.string	"mscr_io"
 646      5F696F00 
 647              	.LASF15:
 648 02a4 73697A65 		.string	"sizetype"
 648      74797065 
 648      00
 649              	.LASF21:
 650 02ad 7370635F 		.string	"spc_mscr_mux_init_t"
 650      6D736372 
 650      5F6D7578 
 650      5F696E69 
 650      745F7400 
 651              	.LASF9:
 652 02c1 6C6F6E67 		.string	"long long int"
 652      206C6F6E 
 652      6720696E 
 652      7400
 653              	.LASF23:
 654 02cf 6D736372 		.string	"mscr_mux"
 654      5F6D7578 
 654      00
 655              	.LASF17:
 656 02d8 696E6465 		.string	"index"
 656      7800
 657              	.LASF26:
 658 02de 7370635F 		.string	"spc_mscr_mux_init"
 658      6D736372 
 658      5F6D7578 
 658      5F696E69 
 658      7400
GAS LISTING C:\Users\nascapro\AppData\Local\Temp\ccA2i9OP.s 			page 14


 659              	.LASF19:
 660 02f0 6770646F 		.string	"gpdo"
 660      00
 661              	.LASF4:
 662 02f5 73686F72 		.string	"short int"
 662      7420696E 
 662      7400
 663              	.LASF14:
 664 02ff 75696E74 		.string	"uint32_t"
 664      33325F74 
 664      00
 665              	.LASF6:
 666 0308 6C6F6E67 		.string	"long int"
 666      20696E74 
 666      00
 667              	.LASF0:
 668 0311 7369676E 		.string	"signed char"
 668      65642063 
 668      68617200 
 669              		.ident	"GCC: (GNU) 4.9.4 20160726 (Sat May 27 11:09:55 CDT 2017         build.sh rev=gd8b6c20 s=F4
GAS LISTING C:\Users\nascapro\AppData\Local\Temp\ccA2i9OP.s 			page 15


DEFINED SYMBOLS
                            *ABS*:00000000 board.c
C:\Users\nascapro\AppData\Local\Temp\ccA2i9OP.s:9      .data.spc_mscr_io_init:00000000 spc_mscr_io_init
C:\Users\nascapro\AppData\Local\Temp\ccA2i9OP.s:114    .data.spc_mscr_mux_init:00000000 spc_mscr_mux_init
C:\Users\nascapro\AppData\Local\Temp\ccA2i9OP.s:134    .data.pal_default_config:00000000 pal_default_config
C:\Users\nascapro\AppData\Local\Temp\ccA2i9OP.s:142    .text.boardInit:00000000 boardInit

UNDEFINED SYMBOLS
pal_init
