GAS LISTING C:\Users\cerru\AppData\Local\Temp\cczpIGLU.s 			page 1


   1              		.file	"components.c"
   2              		.section	".text","axv"
   3              	.Ltext0:
   4              		.cfi_sections	.debug_frame
   5              		.section	.text.componentsInit,"axv",@progbits
   6              		.align 1
   7              		.p2align 4,,15
   8              		.globl componentsInit
   9              		.type	componentsInit, @function
  10              	componentsInit:
  11              	.LFB2:
  12              		.file 1 "./components/components.c"
  13              		.loc 1 35 0
  14              		.cfi_startproc
  15 0000 182106F8 		e_stwu %r1,-8(%r1)
  16              	.LCFI0:
  17              		.cfi_def_cfa_offset 8
  18 0004 0080     		se_mflr %r0
  19 0006 D301     		se_stw %r0,12(%r1)
  20              		.cfi_offset 65, 4
  21              		.loc 1 37 0
  22 0008 78000001 		e_bl boardInit
  23              		.loc 1 38 0
  24 000c 78000001 		e_bl irqInit
  25              		.loc 1 39 0
  26 0010 78000001 		e_bl eirqInit
  27              		.loc 1 40 0
  28 0014 78000001 		e_bl clockInit
  29              		.loc 1 41 0
  30 0018 78000001 		e_bl osalInit
  31              		.loc 1 42 0
  32 001c 78000001 		e_bl spc5LLDInit
  33              		.loc 1 43 0
  34 0020 C301     		se_lwz %r0,12(%r1)
  35 0022 0090     		se_mtlr %r0
  36 0024 2071     		se_addi %r1,8
  37              	.LCFI1:
  38              		.cfi_def_cfa_offset 0
  39 0026 0004     		se_blr
  40              		.cfi_endproc
  41              	.LFE2:
  42              		.size	componentsInit, .-componentsInit
  43              		.section	".text","axv"
  44              	.Letext0:
  45              		.section	.debug_info,"",@progbits
  46              	.Ldebug_info0:
  47 0000 00000089 		.4byte	0x89
  48 0004 0002     		.2byte	0x2
  49 0006 00000000 		.4byte	.Ldebug_abbrev0
  50 000a 04       		.byte	0x4
  51 000b 01       		.uleb128 0x1
  52 000c 00000000 		.4byte	.LASF10
  53 0010 01       		.byte	0x1
  54 0011 00000000 		.4byte	.LASF11
  55 0015 00000000 		.4byte	.LASF12
  56 0019 00000000 		.4byte	.Ldebug_ranges0+0
  57 001d 00000000 		.4byte	0
GAS LISTING C:\Users\cerru\AppData\Local\Temp\cczpIGLU.s 			page 2


  58 0021 00000000 		.4byte	0
  59 0025 00000000 		.4byte	.Ldebug_line0
  60 0029 02       		.uleb128 0x2
  61 002a 01       		.byte	0x1
  62 002b 06       		.byte	0x6
  63 002c 00000000 		.4byte	.LASF0
  64 0030 02       		.uleb128 0x2
  65 0031 01       		.byte	0x1
  66 0032 08       		.byte	0x8
  67 0033 00000000 		.4byte	.LASF1
  68 0037 02       		.uleb128 0x2
  69 0038 02       		.byte	0x2
  70 0039 05       		.byte	0x5
  71 003a 00000000 		.4byte	.LASF2
  72 003e 02       		.uleb128 0x2
  73 003f 02       		.byte	0x2
  74 0040 07       		.byte	0x7
  75 0041 00000000 		.4byte	.LASF3
  76 0045 02       		.uleb128 0x2
  77 0046 04       		.byte	0x4
  78 0047 05       		.byte	0x5
  79 0048 00000000 		.4byte	.LASF4
  80 004c 02       		.uleb128 0x2
  81 004d 04       		.byte	0x4
  82 004e 07       		.byte	0x7
  83 004f 00000000 		.4byte	.LASF5
  84 0053 02       		.uleb128 0x2
  85 0054 08       		.byte	0x8
  86 0055 05       		.byte	0x5
  87 0056 00000000 		.4byte	.LASF6
  88 005a 02       		.uleb128 0x2
  89 005b 08       		.byte	0x8
  90 005c 07       		.byte	0x7
  91 005d 00000000 		.4byte	.LASF7
  92 0061 03       		.uleb128 0x3
  93 0062 04       		.byte	0x4
  94 0063 05       		.byte	0x5
  95 0064 696E7400 		.string	"int"
  96 0068 02       		.uleb128 0x2
  97 0069 04       		.byte	0x4
  98 006a 07       		.byte	0x7
  99 006b 00000000 		.4byte	.LASF8
 100 006f 02       		.uleb128 0x2
 101 0070 04       		.byte	0x4
 102 0071 07       		.byte	0x7
 103 0072 00000000 		.4byte	.LASF9
 104 0076 04       		.uleb128 0x4
 105 0077 01       		.byte	0x1
 106 0078 00000000 		.4byte	.LASF13
 107 007c 01       		.byte	0x1
 108 007d 23       		.byte	0x23
 109 007e 01       		.byte	0x1
 110 007f 00000000 		.4byte	.LFB2
 111 0083 00000000 		.4byte	.LFE2
 112 0087 00000000 		.4byte	.LLST0
 113 008b 01       		.byte	0x1
 114 008c 00       		.byte	0
GAS LISTING C:\Users\cerru\AppData\Local\Temp\cczpIGLU.s 			page 3


 115              		.section	.debug_abbrev,"",@progbits
 116              	.Ldebug_abbrev0:
 117 0000 01       		.uleb128 0x1
 118 0001 11       		.uleb128 0x11
 119 0002 01       		.byte	0x1
 120 0003 25       		.uleb128 0x25
 121 0004 0E       		.uleb128 0xe
 122 0005 13       		.uleb128 0x13
 123 0006 0B       		.uleb128 0xb
 124 0007 03       		.uleb128 0x3
 125 0008 0E       		.uleb128 0xe
 126 0009 1B       		.uleb128 0x1b
 127 000a 0E       		.uleb128 0xe
 128 000b 55       		.uleb128 0x55
 129 000c 06       		.uleb128 0x6
 130 000d 11       		.uleb128 0x11
 131 000e 01       		.uleb128 0x1
 132 000f 52       		.uleb128 0x52
 133 0010 01       		.uleb128 0x1
 134 0011 10       		.uleb128 0x10
 135 0012 06       		.uleb128 0x6
 136 0013 00       		.byte	0
 137 0014 00       		.byte	0
 138 0015 02       		.uleb128 0x2
 139 0016 24       		.uleb128 0x24
 140 0017 00       		.byte	0
 141 0018 0B       		.uleb128 0xb
 142 0019 0B       		.uleb128 0xb
 143 001a 3E       		.uleb128 0x3e
 144 001b 0B       		.uleb128 0xb
 145 001c 03       		.uleb128 0x3
 146 001d 0E       		.uleb128 0xe
 147 001e 00       		.byte	0
 148 001f 00       		.byte	0
 149 0020 03       		.uleb128 0x3
 150 0021 24       		.uleb128 0x24
 151 0022 00       		.byte	0
 152 0023 0B       		.uleb128 0xb
 153 0024 0B       		.uleb128 0xb
 154 0025 3E       		.uleb128 0x3e
 155 0026 0B       		.uleb128 0xb
 156 0027 03       		.uleb128 0x3
 157 0028 08       		.uleb128 0x8
 158 0029 00       		.byte	0
 159 002a 00       		.byte	0
 160 002b 04       		.uleb128 0x4
 161 002c 2E       		.uleb128 0x2e
 162 002d 00       		.byte	0
 163 002e 3F       		.uleb128 0x3f
 164 002f 0C       		.uleb128 0xc
 165 0030 03       		.uleb128 0x3
 166 0031 0E       		.uleb128 0xe
 167 0032 3A       		.uleb128 0x3a
 168 0033 0B       		.uleb128 0xb
 169 0034 3B       		.uleb128 0x3b
 170 0035 0B       		.uleb128 0xb
 171 0036 27       		.uleb128 0x27
GAS LISTING C:\Users\cerru\AppData\Local\Temp\cczpIGLU.s 			page 4


 172 0037 0C       		.uleb128 0xc
 173 0038 11       		.uleb128 0x11
 174 0039 01       		.uleb128 0x1
 175 003a 12       		.uleb128 0x12
 176 003b 01       		.uleb128 0x1
 177 003c 40       		.uleb128 0x40
 178 003d 06       		.uleb128 0x6
 179 003e 9642     		.uleb128 0x2116
 180 0040 0C       		.uleb128 0xc
 181 0041 00       		.byte	0
 182 0042 00       		.byte	0
 183 0043 00       		.byte	0
 184              		.section	.debug_loc,"",@progbits
 185              	.Ldebug_loc0:
 186              	.LLST0:
 187 0000 00000000 		.4byte	.LFB2
 188 0004 00000000 		.4byte	.LCFI0
 189 0008 0002     		.2byte	0x2
 190 000a 71       		.byte	0x71
 191 000b 00       		.sleb128 0
 192 000c 00000000 		.4byte	.LCFI0
 193 0010 00000000 		.4byte	.LCFI1
 194 0014 0002     		.2byte	0x2
 195 0016 71       		.byte	0x71
 196 0017 08       		.sleb128 8
 197 0018 00000000 		.4byte	.LCFI1
 198 001c 00000000 		.4byte	.LFE2
 199 0020 0002     		.2byte	0x2
 200 0022 71       		.byte	0x71
 201 0023 00       		.sleb128 0
 202 0024 00000000 		.4byte	0
 203 0028 00000000 		.4byte	0
 204              		.section	.debug_aranges,"",@progbits
 205 0000 0000001C 		.4byte	0x1c
 206 0004 0002     		.2byte	0x2
 207 0006 00000000 		.4byte	.Ldebug_info0
 208 000a 04       		.byte	0x4
 209 000b 00       		.byte	0
 210 000c 0000     		.2byte	0
 211 000e 0000     		.2byte	0
 212 0010 00000000 		.4byte	.LFB2
 213 0014 00000028 		.4byte	.LFE2-.LFB2
 214 0018 00000000 		.4byte	0
 215 001c 00000000 		.4byte	0
 216              		.section	.debug_ranges,"",@progbits
 217              	.Ldebug_ranges0:
 218 0000 00000000 		.4byte	.LFB2
 219 0004 00000000 		.4byte	.LFE2
 220 0008 00000000 		.4byte	0
 221 000c 00000000 		.4byte	0
 222              		.section	.debug_line,"",@progbits
 223              	.Ldebug_line0:
 224 0000 0000004C 		.section	.debug_str,"MS",@progbits,1
 224      00020000 
 224      00300201 
 224      FB0E0D00 
 224      01010101 
GAS LISTING C:\Users\cerru\AppData\Local\Temp\cczpIGLU.s 			page 5


 225              	.LASF8:
 226 0000 756E7369 		.string	"unsigned int"
 226      676E6564 
 226      20696E74 
 226      00
 227              	.LASF5:
 228 000d 6C6F6E67 		.string	"long unsigned int"
 228      20756E73 
 228      69676E65 
 228      6420696E 
 228      7400
 229              	.LASF0:
 230 001f 7369676E 		.string	"signed char"
 230      65642063 
 230      68617200 
 231              	.LASF3:
 232 002b 73686F72 		.string	"short unsigned int"
 232      7420756E 
 232      7369676E 
 232      65642069 
 232      6E7400
 233              	.LASF11:
 234 003e 2E2F636F 		.string	"./components/components.c"
 234      6D706F6E 
 234      656E7473 
 234      2F636F6D 
 234      706F6E65 
 235              	.LASF2:
 236 0058 73686F72 		.string	"short int"
 236      7420696E 
 236      7400
 237              	.LASF7:
 238 0062 6C6F6E67 		.string	"long long unsigned int"
 238      206C6F6E 
 238      6720756E 
 238      7369676E 
 238      65642069 
 239              	.LASF12:
 240 0079 433A5C55 		.string	"C:\\Users\\cerru\\Desktop\\ferrari_st\\AutoDevKitCarV1UnictTestMotori"
 240      73657273 
 240      5C636572 
 240      72755C44 
 240      65736B74 
 241              	.LASF1:
 242 00ba 756E7369 		.string	"unsigned char"
 242      676E6564 
 242      20636861 
 242      7200
 243              	.LASF4:
 244 00c8 6C6F6E67 		.string	"long int"
 244      20696E74 
 244      00
 245              	.LASF9:
 246 00d1 73697A65 		.string	"sizetype"
 246      74797065 
 246      00
 247              	.LASF13:
GAS LISTING C:\Users\cerru\AppData\Local\Temp\cczpIGLU.s 			page 6


 248 00da 636F6D70 		.string	"componentsInit"
 248      6F6E656E 
 248      7473496E 
 248      697400
 249              	.LASF10:
 250 00e9 474E5520 		.ascii	"GNU C 4.9.4 20160726 (Sat May 27 11:09:55 CDT 2017         b"
 250      4320342E 
 250      392E3420 
 250      32303136 
 250      30373236 
 251 0125 75696C64 		.ascii	"uild.sh"
 251      2E7368
 252 012c 20726576 		.string	" rev=gd8b6c20 s=F494 ELe200 -V release_gd8b6c20_build_Fed_ELe200_ML0) -mcall-sysv -mcpu=e
 252      3D676438 
 252      62366332 
 252      3020733D 
 252      46343934 
 253              	.LASF6:
 254 022d 6C6F6E67 		.string	"long long int"
 254      206C6F6E 
 254      6720696E 
 254      7400
 255              		.ident	"GCC: (GNU) 4.9.4 20160726 (Sat May 27 11:09:55 CDT 2017         build.sh rev=gd8b6c20 s=F4
GAS LISTING C:\Users\cerru\AppData\Local\Temp\cczpIGLU.s 			page 7


DEFINED SYMBOLS
                            *ABS*:00000000 components.c
C:\Users\cerru\AppData\Local\Temp\cczpIGLU.s:10     .text.componentsInit:00000000 componentsInit

UNDEFINED SYMBOLS
boardInit
irqInit
eirqInit
clockInit
osalInit
spc5LLDInit
