GAS LISTING C:\Users\nascapro\AppData\Local\Temp\ccB13HLT.s 			page 1


   1              		.file	"i2c_lld.c"
   2              		.section	".text","axv"
   3              	.Ltext0:
   4              		.cfi_sections	.debug_frame
   5              		.globl I2CD1
   6              		.section	.bss.I2CD1,"aw",@nobits
   7              		.align 2
   8              		.type	I2CD1, @object
   9              		.size	I2CD1, 28
  10              	I2CD1:
  11 0000 00000000 		.zero	28
  11      00000000 
  11      00000000 
  11      00000000 
  11      00000000 
  12              		.section	.text.i2c_lld_init,"axv",@progbits
  13              		.align 1
  14              		.p2align 4,,15
  15              		.globl i2c_lld_init
  16              		.type	i2c_lld_init, @function
  17              	i2c_lld_init:
  18              	.LFB2:
  19              		.file 1 "./components/spc582bxx_low_level_drivers_component_rla/lib/src/i2c_lld.c"
  20              		.loc 1 133 0
  21              		.cfi_startproc
  22 0000 182106F8 		e_stwu %r1,-8(%r1)
  23              	.LCFI0:
  24              		.cfi_def_cfa_offset 8
  25 0004 0080     		se_mflr %r0
  26 0006 D301     		se_stw %r0,12(%r1)
  27              		.cfi_offset 65, 4
  28              		.loc 1 136 0
  29 0008 70E0E000 		e_lis %r7,I2CD1@ha
  30 000c 1CE70000 		e_la %r7,I2CD1@l(%r7)
  31 0010 4806     		se_li %r6,0
  32 0012 D167     		se_stw %r6,4(%r7)
  33              		.loc 1 137 0
  34 0014 70E0E000 		e_lis %r7,I2CD1@ha
  35 0018 1CE70000 		e_la %r7,I2CD1@l(%r7)
  36 001c 4806     		se_li %r6,0
  37 001e D067     		se_stw %r6,0(%r7)
  38              		.loc 1 138 0
  39 0020 70E0E000 		e_lis %r7,I2CD1+4@ha
  40 0024 1C670000 		e_la %r3,I2CD1+4@l(%r7)
  41 0028 78000001 		e_bl i2c_hw_init
  42              		.loc 1 175 0
  43 002c C301     		se_lwz %r0,12(%r1)
  44 002e 0090     		se_mtlr %r0
  45 0030 2071     		se_addi %r1,8
  46              	.LCFI1:
  47              		.cfi_def_cfa_offset 0
  48 0032 0004     		se_blr
  49              		.cfi_endproc
  50              	.LFE2:
  51              		.size	i2c_lld_init, .-i2c_lld_init
  52              		.section	.text.i2c_lld_start,"axv",@progbits
  53              		.align 1
GAS LISTING C:\Users\nascapro\AppData\Local\Temp\ccB13HLT.s 			page 2


  54              		.p2align 4,,15
  55              		.globl i2c_lld_start
  56              		.type	i2c_lld_start, @function
  57              	i2c_lld_start:
  58              	.LFB3:
  59              		.loc 1 190 0
  60              		.cfi_startproc
  61 0000 182106E0 		e_stwu %r1,-32(%r1)
  62              	.LCFI2:
  63              		.cfi_def_cfa_offset 32
  64 0004 0080     		se_mflr %r0
  65 0006 D901     		se_stw %r0,36(%r1)
  66              		.cfi_offset 65, 4
  67 0008 D631     		se_stw %r3,24(%r1)
  68 000a D741     		se_stw %r4,28(%r1)
  69              		.loc 1 194 0
  70 000c C771     		se_lwz %r7,28(%r1)
  71 000e 2A07     		se_cmpi %r7,0
  72 0010 7F800020 		e_mcrf %cr7,%cr0
  73 0014 7CE00026 		mfcr %r7
  74 0018 74E7E007 		e_rlwinm %r7,%r7,28,0xf0000000
  75 001c 7CE80120 		mtcrf 128,%r7
  76 0020 7A02000C 		e_bne %cr0,.L3
  77              		.loc 1 195 0
  78 0024 70FF7FFA 		e_li %r7,-6
  79 0028 78000060 		e_b .L4
  80              	.L3:
  81              		.loc 1 204 0
  82 002c C771     		se_lwz %r7,28(%r1)
  83 002e D271     		se_stw %r7,8(%r1)
  84              		.loc 1 206 0
  85 0030 C671     		se_lwz %r7,24(%r1)
  86 0032 C067     		se_lwz %r6,0(%r7)
  87 0034 C271     		se_lwz %r7,8(%r1)
  88 0036 C077     		se_lwz %r7,0(%r7)
  89 0038 7F863840 		cmpl %cr7,%r6,%r7
  90 003c 7CE00026 		mfcr %r7
  91 0040 74E7E007 		e_rlwinm %r7,%r7,28,0xf0000000
  92 0044 7CE80120 		mtcrf 128,%r7
  93 0048 7A12000C 		e_beq %cr0,.L5
  94              		.loc 1 207 0
  95 004c 70FF7FFA 		e_li %r7,-6
  96 0050 78000038 		e_b .L4
  97              	.L5:
  98              		.loc 1 210 0
  99 0054 C671     		se_lwz %r7,24(%r1)
 100 0056 C377     		se_lwz %r7,12(%r7)
 101 0058 2A07     		se_cmpi %r7,0
 102 005a 7F800020 		e_mcrf %cr7,%cr0
 103 005e 7CE00026 		mfcr %r7
 104 0062 74E7E007 		e_rlwinm %r7,%r7,28,0xf0000000
 105 0066 7CE80120 		mtcrf 128,%r7
 106 006a 7A12001A 		e_beq %cr0,.L6
 107              		.loc 1 210 0 is_stmt 0 discriminator 1
 108 006e C671     		se_lwz %r7,24(%r1)
 109 0070 C377     		se_lwz %r7,12(%r7)
 110 0072 C661     		se_lwz %r6,24(%r1)
GAS LISTING C:\Users\nascapro\AppData\Local\Temp\ccB13HLT.s 			page 3


 111 0074 C266     		se_lwz %r6,8(%r6)
 112 0076 0163     		se_mr %r3,%r6
 113 0078 C741     		se_lwz %r4,28(%r1)
 114 007a 00B7     		se_mtctr %r7
 115 007c 0007     		se_bctrl
 116 007e 0137     		se_mr %r7,%r3
 117 0080 78000008 		e_b .L4
 118              	.L6:
 119              		.loc 1 210 0 discriminator 2
 120 0084 70FF7FFA 		e_li %r7,-6
 121              	.L4:
 122              		.loc 1 211 0 is_stmt 1
 123 0088 0173     		se_mr %r3,%r7
 124 008a C901     		se_lwz %r0,36(%r1)
 125 008c 0090     		se_mtlr %r0
 126 008e 21F1     		se_addi %r1,32
 127              	.LCFI3:
 128              		.cfi_def_cfa_offset 0
 129 0090 0004     		se_blr
 130              		.cfi_endproc
 131              	.LFE3:
 132              		.size	i2c_lld_start, .-i2c_lld_start
 133              		.section	.text.i2c_lld_stop,"axv",@progbits
 134              		.align 1
 135              		.p2align 4,,15
 136              		.globl i2c_lld_stop
 137              		.type	i2c_lld_stop, @function
 138              	i2c_lld_stop:
 139              	.LFB4:
 140              		.loc 1 223 0
 141              		.cfi_startproc
 142 0000 182106F0 		e_stwu %r1,-16(%r1)
 143              	.LCFI4:
 144              		.cfi_def_cfa_offset 16
 145 0004 0080     		se_mflr %r0
 146 0006 D501     		se_stw %r0,20(%r1)
 147              		.cfi_offset 65, 4
 148 0008 D231     		se_stw %r3,8(%r1)
 149              		.loc 1 225 0
 150 000a C271     		se_lwz %r7,8(%r1)
 151 000c C477     		se_lwz %r7,16(%r7)
 152 000e 2A07     		se_cmpi %r7,0
 153 0010 7F800020 		e_mcrf %cr7,%cr0
 154 0014 7CE00026 		mfcr %r7
 155 0018 74E7E007 		e_rlwinm %r7,%r7,28,0xf0000000
 156 001c 7CE80120 		mtcrf 128,%r7
 157 0020 7A120018 		e_beq %cr0,.L9
 158              		.loc 1 225 0 is_stmt 0 discriminator 1
 159 0024 C271     		se_lwz %r7,8(%r1)
 160 0026 C477     		se_lwz %r7,16(%r7)
 161 0028 C261     		se_lwz %r6,8(%r1)
 162 002a C266     		se_lwz %r6,8(%r6)
 163 002c 0163     		se_mr %r3,%r6
 164 002e 00B7     		se_mtctr %r7
 165 0030 0007     		se_bctrl
 166 0032 0137     		se_mr %r7,%r3
 167 0034 78000008 		e_b .L10
GAS LISTING C:\Users\nascapro\AppData\Local\Temp\ccB13HLT.s 			page 4


 168              	.L9:
 169              		.loc 1 225 0 discriminator 2
 170 0038 70FF7FFA 		e_li %r7,-6
 171              	.L10:
 172              		.loc 1 226 0 is_stmt 1 discriminator 4
 173 003c 0173     		se_mr %r3,%r7
 174 003e C501     		se_lwz %r0,20(%r1)
 175 0040 0090     		se_mtlr %r0
 176 0042 20F1     		se_addi %r1,16
 177              	.LCFI5:
 178              		.cfi_def_cfa_offset 0
 179 0044 0004     		se_blr
 180              		.cfi_endproc
 181              	.LFE4:
 182              		.size	i2c_lld_stop, .-i2c_lld_stop
 183              		.section	.text.i2c_lld_write,"axv",@progbits
 184              		.align 1
 185              		.p2align 4,,15
 186              		.globl i2c_lld_write
 187              		.type	i2c_lld_write, @function
 188              	i2c_lld_write:
 189              	.LFB5:
 190              		.loc 1 241 0
 191              		.cfi_startproc
 192 0000 182106E8 		e_stwu %r1,-24(%r1)
 193              	.LCFI6:
 194              		.cfi_def_cfa_offset 24
 195 0004 0080     		se_mflr %r0
 196 0006 D701     		se_stw %r0,28(%r1)
 197              		.cfi_offset 65, 4
 198 0008 D231     		se_stw %r3,8(%r1)
 199 000a D461     		se_stw %r6,16(%r1)
 200 000c D571     		se_stw %r7,20(%r1)
 201 000e 9C41     		se_stb %r4,12(%r1)
 202 0010 B751     		se_sth %r5,14(%r1)
 203              		.loc 1 243 0
 204 0012 C571     		se_lwz %r7,20(%r1)
 205 0014 2A07     		se_cmpi %r7,0
 206 0016 7F800020 		e_mcrf %cr7,%cr0
 207 001a 7CE00026 		mfcr %r7
 208 001e 74E7E007 		e_rlwinm %r7,%r7,28,0xf0000000
 209 0022 7CE80120 		mtcrf 128,%r7
 210 0026 7A02000A 		e_bne %cr0,.L13
 211              		.loc 1 244 0
 212 002a 4807     		se_li %r7,0
 213 002c 780000AC 		e_b .L14
 214              	.L13:
 215              		.loc 1 248 0
 216 0030 8C71     		se_lbz %r7,12(%r1)
 217 0032 00C7     		se_extzb %r7
 218 0034 2A07     		se_cmpi %r7,0
 219 0036 7F800020 		e_mcrf %cr7,%cr0
 220 003a 7CE00026 		mfcr %r7
 221 003e 74E7E007 		e_rlwinm %r7,%r7,28,0xf0000000
 222 0042 7CE80120 		mtcrf 128,%r7
 223 0046 7A120020 		e_beq %cr0,.L15
 224              		.loc 1 248 0 is_stmt 0 discriminator 1
GAS LISTING C:\Users\nascapro\AppData\Local\Temp\ccB13HLT.s 			page 5


 225 004a 8C71     		se_lbz %r7,12(%r1)
 226 004c 00C7     		se_extzb %r7
 227 004e 2E17     		se_andi %r7,1
 228 0050 2A07     		se_cmpi %r7,0
 229 0052 7F800020 		e_mcrf %cr7,%cr0
 230 0056 7CE00026 		mfcr %r7
 231 005a 74E7E007 		e_rlwinm %r7,%r7,28,0xf0000000
 232 005e 7CE80120 		mtcrf 128,%r7
 233 0062 7A12000C 		e_beq %cr0,.L16
 234              	.L15:
 235              		.loc 1 249 0 is_stmt 1
 236 0066 70FF7FFB 		e_li %r7,-5
 237 006a 7800006E 		e_b .L14
 238              	.L16:
 239              		.loc 1 252 0
 240 006e C471     		se_lwz %r7,16(%r1)
 241 0070 2A07     		se_cmpi %r7,0
 242 0072 7F800020 		e_mcrf %cr7,%cr0
 243 0076 7CE00026 		mfcr %r7
 244 007a 74E7E007 		e_rlwinm %r7,%r7,28,0xf0000000
 245 007e 7CE80120 		mtcrf 128,%r7
 246 0082 7A02000C 		e_bne %cr0,.L17
 247              		.loc 1 253 0
 248 0086 70FF7FFA 		e_li %r7,-6
 249 008a 7800004E 		e_b .L14
 250              	.L17:
 251              		.loc 1 256 0
 252 008e C271     		se_lwz %r7,8(%r1)
 253 0090 C577     		se_lwz %r7,20(%r7)
 254 0092 2A07     		se_cmpi %r7,0
 255 0094 7F800020 		e_mcrf %cr7,%cr0
 256 0098 7CE00026 		mfcr %r7
 257 009c 74E7E007 		e_rlwinm %r7,%r7,28,0xf0000000
 258 00a0 7CE80120 		mtcrf 128,%r7
 259 00a4 7A12002E 		e_beq %cr0,.L18
 260              		.loc 1 256 0 is_stmt 0 discriminator 1
 261 00a8 C271     		se_lwz %r7,8(%r1)
 262 00aa C507     		se_lwz %r0,20(%r7)
 263 00ac C271     		se_lwz %r7,8(%r1)
 264 00ae C257     		se_lwz %r5,8(%r7)
 265 00b0 8C71     		se_lbz %r7,12(%r1)
 266 00b2 74E6063F 		e_rlwinm %r6,%r7,0,0xff
 267 00b6 A771     		se_lhz %r7,14(%r1)
 268 00b8 00E7     		se_extzh %r7
 269 00ba 0153     		se_mr %r3,%r5
 270 00bc 0164     		se_mr %r4,%r6
 271 00be 0175     		se_mr %r5,%r7
 272 00c0 4816     		se_li %r6,1
 273 00c2 C471     		se_lwz %r7,16(%r1)
 274 00c4 51010014 		e_lwz %r8,20(%r1)
 275 00c8 00B0     		se_mtctr %r0
 276 00ca 0007     		se_bctrl
 277 00cc 0137     		se_mr %r7,%r3
 278 00ce 78000008 		e_b .L20
 279              	.L18:
 280              		.loc 1 256 0 discriminator 2
 281 00d2 70FF7FFA 		e_li %r7,-6
GAS LISTING C:\Users\nascapro\AppData\Local\Temp\ccB13HLT.s 			page 6


 282              	.L20:
 283              		.loc 1 256 0
 284 00d6 4400     		se_nop
 285              	.L14:
 286              		.loc 1 257 0 is_stmt 1
 287 00d8 0173     		se_mr %r3,%r7
 288 00da C701     		se_lwz %r0,28(%r1)
 289 00dc 0090     		se_mtlr %r0
 290 00de 2171     		se_addi %r1,24
 291              	.LCFI7:
 292              		.cfi_def_cfa_offset 0
 293 00e0 0004     		se_blr
 294              		.cfi_endproc
 295              	.LFE5:
 296              		.size	i2c_lld_write, .-i2c_lld_write
 297              		.section	.text.i2c_lld_read,"axv",@progbits
 298              		.align 1
 299              		.p2align 4,,15
 300              		.globl i2c_lld_read
 301              		.type	i2c_lld_read, @function
 302              	i2c_lld_read:
 303              	.LFB6:
 304              		.loc 1 272 0
 305              		.cfi_startproc
 306 0000 182106E8 		e_stwu %r1,-24(%r1)
 307              	.LCFI8:
 308              		.cfi_def_cfa_offset 24
 309 0004 0080     		se_mflr %r0
 310 0006 D701     		se_stw %r0,28(%r1)
 311              		.cfi_offset 65, 4
 312 0008 D231     		se_stw %r3,8(%r1)
 313 000a D461     		se_stw %r6,16(%r1)
 314 000c D571     		se_stw %r7,20(%r1)
 315 000e 9C41     		se_stb %r4,12(%r1)
 316 0010 B751     		se_sth %r5,14(%r1)
 317              		.loc 1 274 0
 318 0012 C571     		se_lwz %r7,20(%r1)
 319 0014 2A07     		se_cmpi %r7,0
 320 0016 7F800020 		e_mcrf %cr7,%cr0
 321 001a 7CE00026 		mfcr %r7
 322 001e 74E7E007 		e_rlwinm %r7,%r7,28,0xf0000000
 323 0022 7CE80120 		mtcrf 128,%r7
 324 0026 7A02000A 		e_bne %cr0,.L22
 325              		.loc 1 275 0
 326 002a 4807     		se_li %r7,0
 327 002c 780000AC 		e_b .L23
 328              	.L22:
 329              		.loc 1 279 0
 330 0030 8C71     		se_lbz %r7,12(%r1)
 331 0032 00C7     		se_extzb %r7
 332 0034 2A07     		se_cmpi %r7,0
 333 0036 7F800020 		e_mcrf %cr7,%cr0
 334 003a 7CE00026 		mfcr %r7
 335 003e 74E7E007 		e_rlwinm %r7,%r7,28,0xf0000000
 336 0042 7CE80120 		mtcrf 128,%r7
 337 0046 7A120020 		e_beq %cr0,.L24
 338              		.loc 1 279 0 is_stmt 0 discriminator 1
GAS LISTING C:\Users\nascapro\AppData\Local\Temp\ccB13HLT.s 			page 7


 339 004a 8C71     		se_lbz %r7,12(%r1)
 340 004c 00C7     		se_extzb %r7
 341 004e 2E17     		se_andi %r7,1
 342 0050 2A07     		se_cmpi %r7,0
 343 0052 7F800020 		e_mcrf %cr7,%cr0
 344 0056 7CE00026 		mfcr %r7
 345 005a 74E7E007 		e_rlwinm %r7,%r7,28,0xf0000000
 346 005e 7CE80120 		mtcrf 128,%r7
 347 0062 7A12000C 		e_beq %cr0,.L25
 348              	.L24:
 349              		.loc 1 280 0 is_stmt 1
 350 0066 70FF7FFB 		e_li %r7,-5
 351 006a 7800006E 		e_b .L23
 352              	.L25:
 353              		.loc 1 283 0
 354 006e C471     		se_lwz %r7,16(%r1)
 355 0070 2A07     		se_cmpi %r7,0
 356 0072 7F800020 		e_mcrf %cr7,%cr0
 357 0076 7CE00026 		mfcr %r7
 358 007a 74E7E007 		e_rlwinm %r7,%r7,28,0xf0000000
 359 007e 7CE80120 		mtcrf 128,%r7
 360 0082 7A02000C 		e_bne %cr0,.L26
 361              		.loc 1 284 0
 362 0086 70FF7FFA 		e_li %r7,-6
 363 008a 7800004E 		e_b .L23
 364              	.L26:
 365              		.loc 1 287 0
 366 008e C271     		se_lwz %r7,8(%r1)
 367 0090 C677     		se_lwz %r7,24(%r7)
 368 0092 2A07     		se_cmpi %r7,0
 369 0094 7F800020 		e_mcrf %cr7,%cr0
 370 0098 7CE00026 		mfcr %r7
 371 009c 74E7E007 		e_rlwinm %r7,%r7,28,0xf0000000
 372 00a0 7CE80120 		mtcrf 128,%r7
 373 00a4 7A12002E 		e_beq %cr0,.L27
 374              		.loc 1 287 0 is_stmt 0 discriminator 1
 375 00a8 C271     		se_lwz %r7,8(%r1)
 376 00aa C607     		se_lwz %r0,24(%r7)
 377 00ac C271     		se_lwz %r7,8(%r1)
 378 00ae C257     		se_lwz %r5,8(%r7)
 379 00b0 8C71     		se_lbz %r7,12(%r1)
 380 00b2 74E6063F 		e_rlwinm %r6,%r7,0,0xff
 381 00b6 A771     		se_lhz %r7,14(%r1)
 382 00b8 00E7     		se_extzh %r7
 383 00ba 0153     		se_mr %r3,%r5
 384 00bc 0164     		se_mr %r4,%r6
 385 00be 0175     		se_mr %r5,%r7
 386 00c0 4816     		se_li %r6,1
 387 00c2 C471     		se_lwz %r7,16(%r1)
 388 00c4 51010014 		e_lwz %r8,20(%r1)
 389 00c8 00B0     		se_mtctr %r0
 390 00ca 0007     		se_bctrl
 391 00cc 0137     		se_mr %r7,%r3
 392 00ce 78000008 		e_b .L29
 393              	.L27:
 394              		.loc 1 287 0 discriminator 2
 395 00d2 70FF7FFA 		e_li %r7,-6
GAS LISTING C:\Users\nascapro\AppData\Local\Temp\ccB13HLT.s 			page 8


 396              	.L29:
 397              		.loc 1 287 0
 398 00d6 4400     		se_nop
 399              	.L23:
 400              		.loc 1 288 0 is_stmt 1
 401 00d8 0173     		se_mr %r3,%r7
 402 00da C701     		se_lwz %r0,28(%r1)
 403 00dc 0090     		se_mtlr %r0
 404 00de 2171     		se_addi %r1,24
 405              	.LCFI9:
 406              		.cfi_def_cfa_offset 0
 407 00e0 0004     		se_blr
 408              		.cfi_endproc
 409              	.LFE6:
 410              		.size	i2c_lld_read, .-i2c_lld_read
 411              		.section	.text.i2c_lld_write16,"axv",@progbits
 412              		.align 1
 413              		.p2align 4,,15
 414              		.globl i2c_lld_write16
 415              		.type	i2c_lld_write16, @function
 416              	i2c_lld_write16:
 417              	.LFB7:
 418              		.loc 1 303 0
 419              		.cfi_startproc
 420 0000 182106E8 		e_stwu %r1,-24(%r1)
 421              	.LCFI10:
 422              		.cfi_def_cfa_offset 24
 423 0004 0080     		se_mflr %r0
 424 0006 D701     		se_stw %r0,28(%r1)
 425              		.cfi_offset 65, 4
 426 0008 D231     		se_stw %r3,8(%r1)
 427 000a D461     		se_stw %r6,16(%r1)
 428 000c D571     		se_stw %r7,20(%r1)
 429 000e 9C41     		se_stb %r4,12(%r1)
 430 0010 B751     		se_sth %r5,14(%r1)
 431              		.loc 1 305 0
 432 0012 C571     		se_lwz %r7,20(%r1)
 433 0014 2A07     		se_cmpi %r7,0
 434 0016 7F800020 		e_mcrf %cr7,%cr0
 435 001a 7CE00026 		mfcr %r7
 436 001e 74E7E007 		e_rlwinm %r7,%r7,28,0xf0000000
 437 0022 7CE80120 		mtcrf 128,%r7
 438 0026 7A02000A 		e_bne %cr0,.L31
 439              		.loc 1 306 0
 440 002a 4807     		se_li %r7,0
 441 002c 780000AA 		e_b .L32
 442              	.L31:
 443              		.loc 1 310 0
 444 0030 8C71     		se_lbz %r7,12(%r1)
 445 0032 00C7     		se_extzb %r7
 446 0034 2A07     		se_cmpi %r7,0
 447 0036 7F800020 		e_mcrf %cr7,%cr0
 448 003a 7CE00026 		mfcr %r7
 449 003e 74E7E007 		e_rlwinm %r7,%r7,28,0xf0000000
 450 0042 7CE80120 		mtcrf 128,%r7
 451 0046 7A120020 		e_beq %cr0,.L33
 452              		.loc 1 310 0 is_stmt 0 discriminator 1
GAS LISTING C:\Users\nascapro\AppData\Local\Temp\ccB13HLT.s 			page 9


 453 004a 8C71     		se_lbz %r7,12(%r1)
 454 004c 00C7     		se_extzb %r7
 455 004e 2E17     		se_andi %r7,1
 456 0050 2A07     		se_cmpi %r7,0
 457 0052 7F800020 		e_mcrf %cr7,%cr0
 458 0056 7CE00026 		mfcr %r7
 459 005a 74E7E007 		e_rlwinm %r7,%r7,28,0xf0000000
 460 005e 7CE80120 		mtcrf 128,%r7
 461 0062 7A12000C 		e_beq %cr0,.L34
 462              	.L33:
 463              		.loc 1 311 0 is_stmt 1
 464 0066 70FF7FFB 		e_li %r7,-5
 465 006a 7800006C 		e_b .L32
 466              	.L34:
 467              		.loc 1 314 0
 468 006e C471     		se_lwz %r7,16(%r1)
 469 0070 2A07     		se_cmpi %r7,0
 470 0072 7F800020 		e_mcrf %cr7,%cr0
 471 0076 7CE00026 		mfcr %r7
 472 007a 74E7E007 		e_rlwinm %r7,%r7,28,0xf0000000
 473 007e 7CE80120 		mtcrf 128,%r7
 474 0082 7A02000C 		e_bne %cr0,.L35
 475              		.loc 1 315 0
 476 0086 70FF7FFA 		e_li %r7,-6
 477 008a 7800004C 		e_b .L32
 478              	.L35:
 479              		.loc 1 318 0
 480 008e C271     		se_lwz %r7,8(%r1)
 481 0090 C577     		se_lwz %r7,20(%r7)
 482 0092 2A07     		se_cmpi %r7,0
 483 0094 7F800020 		e_mcrf %cr7,%cr0
 484 0098 7CE00026 		mfcr %r7
 485 009c 74E7E007 		e_rlwinm %r7,%r7,28,0xf0000000
 486 00a0 7CE80120 		mtcrf 128,%r7
 487 00a4 7A12002E 		e_beq %cr0,.L36
 488              		.loc 1 318 0 is_stmt 0 discriminator 1
 489 00a8 C271     		se_lwz %r7,8(%r1)
 490 00aa C507     		se_lwz %r0,20(%r7)
 491 00ac C271     		se_lwz %r7,8(%r1)
 492 00ae C257     		se_lwz %r5,8(%r7)
 493 00b0 8C71     		se_lbz %r7,12(%r1)
 494 00b2 74E6063F 		e_rlwinm %r6,%r7,0,0xff
 495 00b6 A771     		se_lhz %r7,14(%r1)
 496 00b8 00E7     		se_extzh %r7
 497 00ba 0153     		se_mr %r3,%r5
 498 00bc 0164     		se_mr %r4,%r6
 499 00be 0175     		se_mr %r5,%r7
 500 00c0 4826     		se_li %r6,2
 501 00c2 C471     		se_lwz %r7,16(%r1)
 502 00c4 51010014 		e_lwz %r8,20(%r1)
 503 00c8 00B0     		se_mtctr %r0
 504 00ca 0007     		se_bctrl
 505 00cc 0137     		se_mr %r7,%r3
 506 00ce 78000008 		e_b .L32
 507              	.L36:
 508              		.loc 1 318 0 discriminator 2
 509 00d2 70FF7FFA 		e_li %r7,-6
GAS LISTING C:\Users\nascapro\AppData\Local\Temp\ccB13HLT.s 			page 10


 510              	.L32:
 511              		.loc 1 319 0 is_stmt 1
 512 00d6 0173     		se_mr %r3,%r7
 513 00d8 C701     		se_lwz %r0,28(%r1)
 514 00da 0090     		se_mtlr %r0
 515 00dc 2171     		se_addi %r1,24
 516              	.LCFI11:
 517              		.cfi_def_cfa_offset 0
 518 00de 0004     		se_blr
 519              		.cfi_endproc
 520              	.LFE7:
 521              		.size	i2c_lld_write16, .-i2c_lld_write16
 522              		.section	.text.i2c_lld_read16,"axv",@progbits
 523              		.align 1
 524              		.p2align 4,,15
 525              		.globl i2c_lld_read16
 526              		.type	i2c_lld_read16, @function
 527              	i2c_lld_read16:
 528              	.LFB8:
 529              		.loc 1 334 0
 530              		.cfi_startproc
 531 0000 182106E8 		e_stwu %r1,-24(%r1)
 532              	.LCFI12:
 533              		.cfi_def_cfa_offset 24
 534 0004 0080     		se_mflr %r0
 535 0006 D701     		se_stw %r0,28(%r1)
 536              		.cfi_offset 65, 4
 537 0008 D231     		se_stw %r3,8(%r1)
 538 000a D461     		se_stw %r6,16(%r1)
 539 000c D571     		se_stw %r7,20(%r1)
 540 000e 9C41     		se_stb %r4,12(%r1)
 541 0010 B751     		se_sth %r5,14(%r1)
 542              		.loc 1 336 0
 543 0012 C571     		se_lwz %r7,20(%r1)
 544 0014 2A07     		se_cmpi %r7,0
 545 0016 7F800020 		e_mcrf %cr7,%cr0
 546 001a 7CE00026 		mfcr %r7
 547 001e 74E7E007 		e_rlwinm %r7,%r7,28,0xf0000000
 548 0022 7CE80120 		mtcrf 128,%r7
 549 0026 7A02000A 		e_bne %cr0,.L39
 550              		.loc 1 337 0
 551 002a 4807     		se_li %r7,0
 552 002c 780000AC 		e_b .L40
 553              	.L39:
 554              		.loc 1 341 0
 555 0030 8C71     		se_lbz %r7,12(%r1)
 556 0032 00C7     		se_extzb %r7
 557 0034 2A07     		se_cmpi %r7,0
 558 0036 7F800020 		e_mcrf %cr7,%cr0
 559 003a 7CE00026 		mfcr %r7
 560 003e 74E7E007 		e_rlwinm %r7,%r7,28,0xf0000000
 561 0042 7CE80120 		mtcrf 128,%r7
 562 0046 7A120020 		e_beq %cr0,.L41
 563              		.loc 1 341 0 is_stmt 0 discriminator 1
 564 004a 8C71     		se_lbz %r7,12(%r1)
 565 004c 00C7     		se_extzb %r7
 566 004e 2E17     		se_andi %r7,1
GAS LISTING C:\Users\nascapro\AppData\Local\Temp\ccB13HLT.s 			page 11


 567 0050 2A07     		se_cmpi %r7,0
 568 0052 7F800020 		e_mcrf %cr7,%cr0
 569 0056 7CE00026 		mfcr %r7
 570 005a 74E7E007 		e_rlwinm %r7,%r7,28,0xf0000000
 571 005e 7CE80120 		mtcrf 128,%r7
 572 0062 7A12000C 		e_beq %cr0,.L42
 573              	.L41:
 574              		.loc 1 342 0 is_stmt 1
 575 0066 70FF7FFB 		e_li %r7,-5
 576 006a 7800006E 		e_b .L40
 577              	.L42:
 578              		.loc 1 345 0
 579 006e C471     		se_lwz %r7,16(%r1)
 580 0070 2A07     		se_cmpi %r7,0
 581 0072 7F800020 		e_mcrf %cr7,%cr0
 582 0076 7CE00026 		mfcr %r7
 583 007a 74E7E007 		e_rlwinm %r7,%r7,28,0xf0000000
 584 007e 7CE80120 		mtcrf 128,%r7
 585 0082 7A02000C 		e_bne %cr0,.L43
 586              		.loc 1 346 0
 587 0086 70FF7FFA 		e_li %r7,-6
 588 008a 7800004E 		e_b .L40
 589              	.L43:
 590              		.loc 1 349 0
 591 008e C271     		se_lwz %r7,8(%r1)
 592 0090 C677     		se_lwz %r7,24(%r7)
 593 0092 2A07     		se_cmpi %r7,0
 594 0094 7F800020 		e_mcrf %cr7,%cr0
 595 0098 7CE00026 		mfcr %r7
 596 009c 74E7E007 		e_rlwinm %r7,%r7,28,0xf0000000
 597 00a0 7CE80120 		mtcrf 128,%r7
 598 00a4 7A12002E 		e_beq %cr0,.L44
 599              		.loc 1 349 0 is_stmt 0 discriminator 1
 600 00a8 C271     		se_lwz %r7,8(%r1)
 601 00aa C607     		se_lwz %r0,24(%r7)
 602 00ac C271     		se_lwz %r7,8(%r1)
 603 00ae C257     		se_lwz %r5,8(%r7)
 604 00b0 8C71     		se_lbz %r7,12(%r1)
 605 00b2 74E6063F 		e_rlwinm %r6,%r7,0,0xff
 606 00b6 A771     		se_lhz %r7,14(%r1)
 607 00b8 00E7     		se_extzh %r7
 608 00ba 0153     		se_mr %r3,%r5
 609 00bc 0164     		se_mr %r4,%r6
 610 00be 0175     		se_mr %r5,%r7
 611 00c0 4826     		se_li %r6,2
 612 00c2 C471     		se_lwz %r7,16(%r1)
 613 00c4 51010014 		e_lwz %r8,20(%r1)
 614 00c8 00B0     		se_mtctr %r0
 615 00ca 0007     		se_bctrl
 616 00cc 0137     		se_mr %r7,%r3
 617 00ce 78000008 		e_b .L46
 618              	.L44:
 619              		.loc 1 349 0 discriminator 2
 620 00d2 70FF7FFA 		e_li %r7,-6
 621              	.L46:
 622              		.loc 1 349 0
 623 00d6 4400     		se_nop
GAS LISTING C:\Users\nascapro\AppData\Local\Temp\ccB13HLT.s 			page 12


 624              	.L40:
 625              		.loc 1 350 0 is_stmt 1
 626 00d8 0173     		se_mr %r3,%r7
 627 00da C701     		se_lwz %r0,28(%r1)
 628 00dc 0090     		se_mtlr %r0
 629 00de 2171     		se_addi %r1,24
 630              	.LCFI13:
 631              		.cfi_def_cfa_offset 0
 632 00e0 0004     		se_blr
 633              		.cfi_endproc
 634              	.LFE8:
 635              		.size	i2c_lld_read16, .-i2c_lld_read16
 636              		.section	".text","axv"
 637              	.Letext0:
 638              		.file 2 "c:\\autodevkitstudio-2.1\\eclipse\\plugins\\com.st.tools.spc5.tools.gnu.gcc.ppcvle.win32_
 639              		.file 3 "c:\\autodevkitstudio-2.1\\eclipse\\plugins\\com.st.tools.spc5.tools.gnu.gcc.ppcvle.win32_
 640              		.file 4 "./components/spc582bxx_low_level_drivers_component_rla/lib/include/i2c_lld.h"
 641              		.file 5 "./components/spc582bxx_low_level_drivers_component_rla/lib/include/i2c_if.h"
 642              		.section	.debug_info,"",@progbits
 643              	.Ldebug_info0:
 644 0000 00000525 		.4byte	0x525
 645 0004 0002     		.2byte	0x2
 646 0006 00000000 		.4byte	.Ldebug_abbrev0
 647 000a 04       		.byte	0x4
 648 000b 01       		.uleb128 0x1
 649 000c 00000000 		.4byte	.LASF62
 650 0010 01       		.byte	0x1
 651 0011 00000000 		.4byte	.LASF63
 652 0015 00000000 		.4byte	.LASF64
 653 0019 00000000 		.4byte	.Ldebug_ranges0+0
 654 001d 00000000 		.4byte	0
 655 0021 00000000 		.4byte	0
 656 0025 00000000 		.4byte	.Ldebug_line0
 657 0029 02       		.uleb128 0x2
 658 002a 01       		.byte	0x1
 659 002b 06       		.byte	0x6
 660 002c 00000000 		.4byte	.LASF0
 661 0030 03       		.uleb128 0x3
 662 0031 00000000 		.4byte	.LASF3
 663 0035 02       		.byte	0x2
 664 0036 1D       		.byte	0x1d
 665 0037 0000003B 		.4byte	0x3b
 666 003b 02       		.uleb128 0x2
 667 003c 01       		.byte	0x1
 668 003d 08       		.byte	0x8
 669 003e 00000000 		.4byte	.LASF1
 670 0042 02       		.uleb128 0x2
 671 0043 02       		.byte	0x2
 672 0044 05       		.byte	0x5
 673 0045 00000000 		.4byte	.LASF2
 674 0049 03       		.uleb128 0x3
 675 004a 00000000 		.4byte	.LASF4
 676 004e 02       		.byte	0x2
 677 004f 2B       		.byte	0x2b
 678 0050 00000054 		.4byte	0x54
 679 0054 02       		.uleb128 0x2
 680 0055 02       		.byte	0x2
GAS LISTING C:\Users\nascapro\AppData\Local\Temp\ccB13HLT.s 			page 13


 681 0056 07       		.byte	0x7
 682 0057 00000000 		.4byte	.LASF5
 683 005b 02       		.uleb128 0x2
 684 005c 04       		.byte	0x4
 685 005d 05       		.byte	0x5
 686 005e 00000000 		.4byte	.LASF6
 687 0062 03       		.uleb128 0x3
 688 0063 00000000 		.4byte	.LASF7
 689 0067 02       		.byte	0x2
 690 0068 41       		.byte	0x41
 691 0069 0000006D 		.4byte	0x6d
 692 006d 02       		.uleb128 0x2
 693 006e 04       		.byte	0x4
 694 006f 07       		.byte	0x7
 695 0070 00000000 		.4byte	.LASF8
 696 0074 02       		.uleb128 0x2
 697 0075 08       		.byte	0x8
 698 0076 05       		.byte	0x5
 699 0077 00000000 		.4byte	.LASF9
 700 007b 02       		.uleb128 0x2
 701 007c 08       		.byte	0x8
 702 007d 07       		.byte	0x7
 703 007e 00000000 		.4byte	.LASF10
 704 0082 04       		.uleb128 0x4
 705 0083 04       		.byte	0x4
 706 0084 05       		.byte	0x5
 707 0085 696E7400 		.string	"int"
 708 0089 02       		.uleb128 0x2
 709 008a 04       		.byte	0x4
 710 008b 07       		.byte	0x7
 711 008c 00000000 		.4byte	.LASF11
 712 0090 03       		.uleb128 0x3
 713 0091 00000000 		.4byte	.LASF12
 714 0095 03       		.byte	0x3
 715 0096 15       		.byte	0x15
 716 0097 00000030 		.4byte	0x30
 717 009b 03       		.uleb128 0x3
 718 009c 00000000 		.4byte	.LASF13
 719 00a0 03       		.byte	0x3
 720 00a1 21       		.byte	0x21
 721 00a2 00000049 		.4byte	0x49
 722 00a6 03       		.uleb128 0x3
 723 00a7 00000000 		.4byte	.LASF14
 724 00ab 03       		.byte	0x3
 725 00ac 2D       		.byte	0x2d
 726 00ad 00000062 		.4byte	0x62
 727 00b1 02       		.uleb128 0x2
 728 00b2 04       		.byte	0x4
 729 00b3 07       		.byte	0x7
 730 00b4 00000000 		.4byte	.LASF15
 731 00b8 03       		.uleb128 0x3
 732 00b9 00000000 		.4byte	.LASF16
 733 00bd 04       		.byte	0x4
 734 00be 2D       		.byte	0x2d
 735 00bf 000000C3 		.4byte	0xc3
 736 00c3 05       		.uleb128 0x5
 737 00c4 00000000 		.4byte	.LASF16
GAS LISTING C:\Users\nascapro\AppData\Local\Temp\ccB13HLT.s 			page 14


 738 00c8 1C       		.byte	0x1c
 739 00c9 01       		.byte	0x1
 740 00ca 30       		.byte	0x30
 741 00cb 000000EC 		.4byte	0xec
 742 00cf 06       		.uleb128 0x6
 743 00d0 00000000 		.4byte	.LASF17
 744 00d4 01       		.byte	0x1
 745 00d5 34       		.byte	0x34
 746 00d6 00000101 		.4byte	0x101
 747 00da 02       		.byte	0x2
 748 00db 23       		.byte	0x23
 749 00dc 00       		.uleb128 0
 750 00dd 07       		.uleb128 0x7
 751 00de 6F707300 		.string	"ops"
 752 00e2 01       		.byte	0x1
 753 00e3 39       		.byte	0x39
 754 00e4 000002CD 		.4byte	0x2cd
 755 00e8 02       		.byte	0x2
 756 00e9 23       		.byte	0x23
 757 00ea 04       		.uleb128 0x4
 758 00eb 00       		.byte	0
 759 00ec 08       		.uleb128 0x8
 760 00ed 04       		.byte	0x4
 761 00ee 04       		.byte	0x4
 762 00ef 38       		.byte	0x38
 763 00f0 00000101 		.4byte	0x101
 764 00f4 09       		.uleb128 0x9
 765 00f5 00000000 		.4byte	.LASF18
 766 00f9 00       		.sleb128 0
 767 00fa 09       		.uleb128 0x9
 768 00fb 00000000 		.4byte	.LASF19
 769 00ff 01       		.sleb128 1
 770 0100 00       		.byte	0
 771 0101 03       		.uleb128 0x3
 772 0102 00000000 		.4byte	.LASF20
 773 0106 04       		.byte	0x4
 774 0107 3B       		.byte	0x3b
 775 0108 000000EC 		.4byte	0xec
 776 010c 08       		.uleb128 0x8
 777 010d 04       		.byte	0x4
 778 010e 04       		.byte	0x4
 779 010f 40       		.byte	0x40
 780 0110 00000121 		.4byte	0x121
 781 0114 09       		.uleb128 0x9
 782 0115 00000000 		.4byte	.LASF21
 783 0119 00       		.sleb128 0
 784 011a 09       		.uleb128 0x9
 785 011b 00000000 		.4byte	.LASF22
 786 011f 01       		.sleb128 1
 787 0120 00       		.byte	0
 788 0121 03       		.uleb128 0x3
 789 0122 00000000 		.4byte	.LASF23
 790 0126 04       		.byte	0x4
 791 0127 43       		.byte	0x43
 792 0128 0000010C 		.4byte	0x10c
 793 012c 08       		.uleb128 0x8
 794 012d 04       		.byte	0x4
GAS LISTING C:\Users\nascapro\AppData\Local\Temp\ccB13HLT.s 			page 15


 795 012e 04       		.byte	0x4
 796 012f 52       		.byte	0x52
 797 0130 00000141 		.4byte	0x141
 798 0134 09       		.uleb128 0x9
 799 0135 00000000 		.4byte	.LASF24
 800 0139 00       		.sleb128 0
 801 013a 09       		.uleb128 0x9
 802 013b 00000000 		.4byte	.LASF25
 803 013f 01       		.sleb128 1
 804 0140 00       		.byte	0
 805 0141 03       		.uleb128 0x3
 806 0142 00000000 		.4byte	.LASF26
 807 0146 04       		.byte	0x4
 808 0147 55       		.byte	0x55
 809 0148 0000012C 		.4byte	0x12c
 810 014c 08       		.uleb128 0x8
 811 014d 04       		.byte	0x4
 812 014e 04       		.byte	0x4
 813 014f 5A       		.byte	0x5a
 814 0150 0000018B 		.4byte	0x18b
 815 0154 09       		.uleb128 0x9
 816 0155 00000000 		.4byte	.LASF27
 817 0159 00       		.sleb128 0
 818 015a 09       		.uleb128 0x9
 819 015b 00000000 		.4byte	.LASF28
 820 015f 7F       		.sleb128 -1
 821 0160 09       		.uleb128 0x9
 822 0161 00000000 		.4byte	.LASF29
 823 0165 7E       		.sleb128 -2
 824 0166 09       		.uleb128 0x9
 825 0167 00000000 		.4byte	.LASF30
 826 016b 7D       		.sleb128 -3
 827 016c 09       		.uleb128 0x9
 828 016d 00000000 		.4byte	.LASF31
 829 0171 7C       		.sleb128 -4
 830 0172 09       		.uleb128 0x9
 831 0173 00000000 		.4byte	.LASF32
 832 0177 7B       		.sleb128 -5
 833 0178 09       		.uleb128 0x9
 834 0179 00000000 		.4byte	.LASF33
 835 017d 7A       		.sleb128 -6
 836 017e 09       		.uleb128 0x9
 837 017f 00000000 		.4byte	.LASF34
 838 0183 79       		.sleb128 -7
 839 0184 09       		.uleb128 0x9
 840 0185 00000000 		.4byte	.LASF35
 841 0189 78       		.sleb128 -8
 842 018a 00       		.byte	0
 843 018b 03       		.uleb128 0x3
 844 018c 00000000 		.4byte	.LASF36
 845 0190 04       		.byte	0x4
 846 0191 64       		.byte	0x64
 847 0192 0000014C 		.4byte	0x14c
 848 0196 0A       		.uleb128 0xa
 849 0197 18       		.byte	0x18
 850 0198 04       		.byte	0x4
 851 0199 6C       		.byte	0x6c
GAS LISTING C:\Users\nascapro\AppData\Local\Temp\ccB13HLT.s 			page 16


 852 019a 000001F3 		.4byte	0x1f3
 853 019e 06       		.uleb128 0x6
 854 019f 00000000 		.4byte	.LASF17
 855 01a3 04       		.byte	0x4
 856 01a4 70       		.byte	0x70
 857 01a5 00000101 		.4byte	0x101
 858 01a9 02       		.byte	0x2
 859 01aa 23       		.byte	0x23
 860 01ab 00       		.uleb128 0
 861 01ac 06       		.uleb128 0x6
 862 01ad 00000000 		.4byte	.LASF37
 863 01b1 04       		.byte	0x4
 864 01b2 74       		.byte	0x74
 865 01b3 00000121 		.4byte	0x121
 866 01b7 02       		.byte	0x2
 867 01b8 23       		.byte	0x23
 868 01b9 04       		.uleb128 0x4
 869 01ba 06       		.uleb128 0x6
 870 01bb 00000000 		.4byte	.LASF38
 871 01bf 04       		.byte	0x4
 872 01c0 78       		.byte	0x78
 873 01c1 00000090 		.4byte	0x90
 874 01c5 02       		.byte	0x2
 875 01c6 23       		.byte	0x23
 876 01c7 08       		.uleb128 0x8
 877 01c8 06       		.uleb128 0x6
 878 01c9 00000000 		.4byte	.LASF39
 879 01cd 04       		.byte	0x4
 880 01ce 7C       		.byte	0x7c
 881 01cf 00000141 		.4byte	0x141
 882 01d3 02       		.byte	0x2
 883 01d4 23       		.byte	0x23
 884 01d5 0C       		.uleb128 0xc
 885 01d6 06       		.uleb128 0x6
 886 01d7 00000000 		.4byte	.LASF40
 887 01db 04       		.byte	0x4
 888 01dc 80       		.byte	0x80
 889 01dd 000000A6 		.4byte	0xa6
 890 01e1 02       		.byte	0x2
 891 01e2 23       		.byte	0x23
 892 01e3 10       		.uleb128 0x10
 893 01e4 07       		.uleb128 0x7
 894 01e5 69626300 		.string	"ibc"
 895 01e9 04       		.byte	0x4
 896 01ea 84       		.byte	0x84
 897 01eb 00000090 		.4byte	0x90
 898 01ef 02       		.byte	0x2
 899 01f0 23       		.byte	0x23
 900 01f1 14       		.uleb128 0x14
 901 01f2 00       		.byte	0
 902 01f3 03       		.uleb128 0x3
 903 01f4 00000000 		.4byte	.LASF41
 904 01f8 04       		.byte	0x4
 905 01f9 85       		.byte	0x85
 906 01fa 00000196 		.4byte	0x196
 907 01fe 0B       		.uleb128 0xb
 908 01ff 04       		.byte	0x4
GAS LISTING C:\Users\nascapro\AppData\Local\Temp\ccB13HLT.s 			page 17


 909 0200 02       		.uleb128 0x2
 910 0201 01       		.byte	0x1
 911 0202 08       		.byte	0x8
 912 0203 00000000 		.4byte	.LASF42
 913 0207 05       		.uleb128 0x5
 914 0208 00000000 		.4byte	.LASF43
 915 020c 18       		.byte	0x18
 916 020d 05       		.byte	0x5
 917 020e 2F       		.byte	0x2f
 918 020f 00000267 		.4byte	0x267
 919 0213 07       		.uleb128 0x7
 920 0214 696400   		.string	"id"
 921 0217 05       		.byte	0x5
 922 0218 34       		.byte	0x34
 923 0219 000000A6 		.4byte	0xa6
 924 021d 02       		.byte	0x2
 925 021e 23       		.byte	0x23
 926 021f 00       		.uleb128 0
 927 0220 06       		.uleb128 0x6
 928 0221 00000000 		.4byte	.LASF44
 929 0225 05       		.byte	0x5
 930 0226 39       		.byte	0x39
 931 0227 000001FE 		.4byte	0x1fe
 932 022b 02       		.byte	0x2
 933 022c 23       		.byte	0x23
 934 022d 04       		.uleb128 0x4
 935 022e 06       		.uleb128 0x6
 936 022f 00000000 		.4byte	.LASF45
 937 0233 05       		.byte	0x5
 938 0234 3E       		.byte	0x3e
 939 0235 0000027C 		.4byte	0x27c
 940 0239 02       		.byte	0x2
 941 023a 23       		.byte	0x23
 942 023b 08       		.uleb128 0x8
 943 023c 06       		.uleb128 0x6
 944 023d 00000000 		.4byte	.LASF46
 945 0241 05       		.byte	0x5
 946 0242 43       		.byte	0x43
 947 0243 00000292 		.4byte	0x292
 948 0247 02       		.byte	0x2
 949 0248 23       		.byte	0x23
 950 0249 0C       		.uleb128 0xc
 951 024a 06       		.uleb128 0x6
 952 024b 00000000 		.4byte	.LASF47
 953 024f 05       		.byte	0x5
 954 0250 48       		.byte	0x48
 955 0251 000002C7 		.4byte	0x2c7
 956 0255 02       		.byte	0x2
 957 0256 23       		.byte	0x23
 958 0257 10       		.uleb128 0x10
 959 0258 06       		.uleb128 0x6
 960 0259 00000000 		.4byte	.LASF48
 961 025d 05       		.byte	0x5
 962 025e 4D       		.byte	0x4d
 963 025f 000002C7 		.4byte	0x2c7
 964 0263 02       		.byte	0x2
 965 0264 23       		.byte	0x23
GAS LISTING C:\Users\nascapro\AppData\Local\Temp\ccB13HLT.s 			page 18


 966 0265 14       		.uleb128 0x14
 967 0266 00       		.byte	0
 968 0267 0C       		.uleb128 0xc
 969 0268 01       		.byte	0x1
 970 0269 0000018B 		.4byte	0x18b
 971 026d 0000027C 		.4byte	0x27c
 972 0271 0D       		.uleb128 0xd
 973 0272 000001FE 		.4byte	0x1fe
 974 0276 0D       		.uleb128 0xd
 975 0277 000001FE 		.4byte	0x1fe
 976 027b 00       		.byte	0
 977 027c 0E       		.uleb128 0xe
 978 027d 04       		.byte	0x4
 979 027e 00000267 		.4byte	0x267
 980 0282 0C       		.uleb128 0xc
 981 0283 01       		.byte	0x1
 982 0284 0000018B 		.4byte	0x18b
 983 0288 00000292 		.4byte	0x292
 984 028c 0D       		.uleb128 0xd
 985 028d 000001FE 		.4byte	0x1fe
 986 0291 00       		.byte	0
 987 0292 0E       		.uleb128 0xe
 988 0293 04       		.byte	0x4
 989 0294 00000282 		.4byte	0x282
 990 0298 0C       		.uleb128 0xc
 991 0299 01       		.byte	0x1
 992 029a 00000082 		.4byte	0x82
 993 029e 000002C1 		.4byte	0x2c1
 994 02a2 0D       		.uleb128 0xd
 995 02a3 000001FE 		.4byte	0x1fe
 996 02a7 0D       		.uleb128 0xd
 997 02a8 00000090 		.4byte	0x90
 998 02ac 0D       		.uleb128 0xd
 999 02ad 0000009B 		.4byte	0x9b
 1000 02b1 0D       		.uleb128 0xd
 1001 02b2 00000090 		.4byte	0x90
 1002 02b6 0D       		.uleb128 0xd
 1003 02b7 000002C1 		.4byte	0x2c1
 1004 02bb 0D       		.uleb128 0xd
 1005 02bc 000000A6 		.4byte	0xa6
 1006 02c0 00       		.byte	0
 1007 02c1 0E       		.uleb128 0xe
 1008 02c2 04       		.byte	0x4
 1009 02c3 00000090 		.4byte	0x90
 1010 02c7 0E       		.uleb128 0xe
 1011 02c8 04       		.byte	0x4
 1012 02c9 00000298 		.4byte	0x298
 1013 02cd 03       		.uleb128 0x3
 1014 02ce 00000000 		.4byte	.LASF49
 1015 02d2 05       		.byte	0x5
 1016 02d3 4F       		.byte	0x4f
 1017 02d4 00000207 		.4byte	0x207
 1018 02d8 0F       		.uleb128 0xf
 1019 02d9 01       		.byte	0x1
 1020 02da 00000000 		.4byte	.LASF65
 1021 02de 01       		.byte	0x1
 1022 02df 85       		.byte	0x85
GAS LISTING C:\Users\nascapro\AppData\Local\Temp\ccB13HLT.s 			page 19


 1023 02e0 01       		.byte	0x1
 1024 02e1 00000000 		.4byte	.LFB2
 1025 02e5 00000000 		.4byte	.LFE2
 1026 02e9 00000000 		.4byte	.LLST0
 1027 02ed 01       		.byte	0x1
 1028 02ee 10       		.uleb128 0x10
 1029 02ef 01       		.byte	0x1
 1030 02f0 00000000 		.4byte	.LASF52
 1031 02f4 01       		.byte	0x1
 1032 02f5 BE       		.byte	0xbe
 1033 02f6 01       		.byte	0x1
 1034 02f7 0000018B 		.4byte	0x18b
 1035 02fb 00000000 		.4byte	.LFB3
 1036 02ff 00000000 		.4byte	.LFE3
 1037 0303 00000000 		.4byte	.LLST1
 1038 0307 01       		.byte	0x1
 1039 0308 00000337 		.4byte	0x337
 1040 030c 11       		.uleb128 0x11
 1041 030d 00000000 		.4byte	.LASF50
 1042 0311 01       		.byte	0x1
 1043 0312 BE       		.byte	0xbe
 1044 0313 00000337 		.4byte	0x337
 1045 0317 02       		.byte	0x2
 1046 0318 91       		.byte	0x91
 1047 0319 78       		.sleb128 -8
 1048 031a 11       		.uleb128 0x11
 1049 031b 00000000 		.4byte	.LASF51
 1050 031f 01       		.byte	0x1
 1051 0320 BE       		.byte	0xbe
 1052 0321 000001FE 		.4byte	0x1fe
 1053 0325 02       		.byte	0x2
 1054 0326 91       		.byte	0x91
 1055 0327 7C       		.sleb128 -4
 1056 0328 12       		.uleb128 0x12
 1057 0329 00000000 		.4byte	.LASF66
 1058 032d 01       		.byte	0x1
 1059 032e C0       		.byte	0xc0
 1060 032f 0000033D 		.4byte	0x33d
 1061 0333 02       		.byte	0x2
 1062 0334 91       		.byte	0x91
 1063 0335 68       		.sleb128 -24
 1064 0336 00       		.byte	0
 1065 0337 0E       		.uleb128 0xe
 1066 0338 04       		.byte	0x4
 1067 0339 000000B8 		.4byte	0xb8
 1068 033d 0E       		.uleb128 0xe
 1069 033e 04       		.byte	0x4
 1070 033f 000001F3 		.4byte	0x1f3
 1071 0343 10       		.uleb128 0x10
 1072 0344 01       		.byte	0x1
 1073 0345 00000000 		.4byte	.LASF53
 1074 0349 01       		.byte	0x1
 1075 034a DF       		.byte	0xdf
 1076 034b 01       		.byte	0x1
 1077 034c 0000018B 		.4byte	0x18b
 1078 0350 00000000 		.4byte	.LFB4
 1079 0354 00000000 		.4byte	.LFE4
GAS LISTING C:\Users\nascapro\AppData\Local\Temp\ccB13HLT.s 			page 20


 1080 0358 00000000 		.4byte	.LLST2
 1081 035c 01       		.byte	0x1
 1082 035d 00000370 		.4byte	0x370
 1083 0361 11       		.uleb128 0x11
 1084 0362 00000000 		.4byte	.LASF50
 1085 0366 01       		.byte	0x1
 1086 0367 DF       		.byte	0xdf
 1087 0368 00000337 		.4byte	0x337
 1088 036c 02       		.byte	0x2
 1089 036d 91       		.byte	0x91
 1090 036e 78       		.sleb128 -8
 1091 036f 00       		.byte	0
 1092 0370 10       		.uleb128 0x10
 1093 0371 01       		.byte	0x1
 1094 0372 00000000 		.4byte	.LASF54
 1095 0376 01       		.byte	0x1
 1096 0377 F1       		.byte	0xf1
 1097 0378 01       		.byte	0x1
 1098 0379 00000082 		.4byte	0x82
 1099 037d 00000000 		.4byte	.LFB5
 1100 0381 00000000 		.4byte	.LFE5
 1101 0385 00000000 		.4byte	.LLST3
 1102 0389 01       		.byte	0x1
 1103 038a 000003D5 		.4byte	0x3d5
 1104 038e 11       		.uleb128 0x11
 1105 038f 00000000 		.4byte	.LASF50
 1106 0393 01       		.byte	0x1
 1107 0394 F1       		.byte	0xf1
 1108 0395 00000337 		.4byte	0x337
 1109 0399 02       		.byte	0x2
 1110 039a 91       		.byte	0x91
 1111 039b 70       		.sleb128 -16
 1112 039c 11       		.uleb128 0x11
 1113 039d 00000000 		.4byte	.LASF55
 1114 03a1 01       		.byte	0x1
 1115 03a2 F1       		.byte	0xf1
 1116 03a3 00000090 		.4byte	0x90
 1117 03a7 02       		.byte	0x2
 1118 03a8 91       		.byte	0x91
 1119 03a9 74       		.sleb128 -12
 1120 03aa 11       		.uleb128 0x11
 1121 03ab 00000000 		.4byte	.LASF56
 1122 03af 01       		.byte	0x1
 1123 03b0 F1       		.byte	0xf1
 1124 03b1 0000009B 		.4byte	0x9b
 1125 03b5 02       		.byte	0x2
 1126 03b6 91       		.byte	0x91
 1127 03b7 76       		.sleb128 -10
 1128 03b8 11       		.uleb128 0x11
 1129 03b9 00000000 		.4byte	.LASF57
 1130 03bd 01       		.byte	0x1
 1131 03be F1       		.byte	0xf1
 1132 03bf 000002C1 		.4byte	0x2c1
 1133 03c3 02       		.byte	0x2
 1134 03c4 91       		.byte	0x91
 1135 03c5 78       		.sleb128 -8
 1136 03c6 11       		.uleb128 0x11
GAS LISTING C:\Users\nascapro\AppData\Local\Temp\ccB13HLT.s 			page 21


 1137 03c7 00000000 		.4byte	.LASF58
 1138 03cb 01       		.byte	0x1
 1139 03cc F1       		.byte	0xf1
 1140 03cd 000000A6 		.4byte	0xa6
 1141 03d1 02       		.byte	0x2
 1142 03d2 91       		.byte	0x91
 1143 03d3 7C       		.sleb128 -4
 1144 03d4 00       		.byte	0
 1145 03d5 13       		.uleb128 0x13
 1146 03d6 01       		.byte	0x1
 1147 03d7 00000000 		.4byte	.LASF59
 1148 03db 01       		.byte	0x1
 1149 03dc 0110     		.2byte	0x110
 1150 03de 01       		.byte	0x1
 1151 03df 00000082 		.4byte	0x82
 1152 03e3 00000000 		.4byte	.LFB6
 1153 03e7 00000000 		.4byte	.LFE6
 1154 03eb 00000000 		.4byte	.LLST4
 1155 03ef 01       		.byte	0x1
 1156 03f0 00000440 		.4byte	0x440
 1157 03f4 14       		.uleb128 0x14
 1158 03f5 00000000 		.4byte	.LASF50
 1159 03f9 01       		.byte	0x1
 1160 03fa 0110     		.2byte	0x110
 1161 03fc 00000337 		.4byte	0x337
 1162 0400 02       		.byte	0x2
 1163 0401 91       		.byte	0x91
 1164 0402 70       		.sleb128 -16
 1165 0403 14       		.uleb128 0x14
 1166 0404 00000000 		.4byte	.LASF55
 1167 0408 01       		.byte	0x1
 1168 0409 0110     		.2byte	0x110
 1169 040b 00000090 		.4byte	0x90
 1170 040f 02       		.byte	0x2
 1171 0410 91       		.byte	0x91
 1172 0411 74       		.sleb128 -12
 1173 0412 14       		.uleb128 0x14
 1174 0413 00000000 		.4byte	.LASF56
 1175 0417 01       		.byte	0x1
 1176 0418 0110     		.2byte	0x110
 1177 041a 0000009B 		.4byte	0x9b
 1178 041e 02       		.byte	0x2
 1179 041f 91       		.byte	0x91
 1180 0420 76       		.sleb128 -10
 1181 0421 14       		.uleb128 0x14
 1182 0422 00000000 		.4byte	.LASF57
 1183 0426 01       		.byte	0x1
 1184 0427 0110     		.2byte	0x110
 1185 0429 000002C1 		.4byte	0x2c1
 1186 042d 02       		.byte	0x2
 1187 042e 91       		.byte	0x91
 1188 042f 78       		.sleb128 -8
 1189 0430 14       		.uleb128 0x14
 1190 0431 00000000 		.4byte	.LASF58
 1191 0435 01       		.byte	0x1
 1192 0436 0110     		.2byte	0x110
 1193 0438 000000A6 		.4byte	0xa6
GAS LISTING C:\Users\nascapro\AppData\Local\Temp\ccB13HLT.s 			page 22


 1194 043c 02       		.byte	0x2
 1195 043d 91       		.byte	0x91
 1196 043e 7C       		.sleb128 -4
 1197 043f 00       		.byte	0
 1198 0440 13       		.uleb128 0x13
 1199 0441 01       		.byte	0x1
 1200 0442 00000000 		.4byte	.LASF60
 1201 0446 01       		.byte	0x1
 1202 0447 012F     		.2byte	0x12f
 1203 0449 01       		.byte	0x1
 1204 044a 0000018B 		.4byte	0x18b
 1205 044e 00000000 		.4byte	.LFB7
 1206 0452 00000000 		.4byte	.LFE7
 1207 0456 00000000 		.4byte	.LLST5
 1208 045a 01       		.byte	0x1
 1209 045b 000004AB 		.4byte	0x4ab
 1210 045f 14       		.uleb128 0x14
 1211 0460 00000000 		.4byte	.LASF50
 1212 0464 01       		.byte	0x1
 1213 0465 012F     		.2byte	0x12f
 1214 0467 00000337 		.4byte	0x337
 1215 046b 02       		.byte	0x2
 1216 046c 91       		.byte	0x91
 1217 046d 70       		.sleb128 -16
 1218 046e 14       		.uleb128 0x14
 1219 046f 00000000 		.4byte	.LASF55
 1220 0473 01       		.byte	0x1
 1221 0474 012F     		.2byte	0x12f
 1222 0476 00000090 		.4byte	0x90
 1223 047a 02       		.byte	0x2
 1224 047b 91       		.byte	0x91
 1225 047c 74       		.sleb128 -12
 1226 047d 14       		.uleb128 0x14
 1227 047e 00000000 		.4byte	.LASF56
 1228 0482 01       		.byte	0x1
 1229 0483 012F     		.2byte	0x12f
 1230 0485 0000009B 		.4byte	0x9b
 1231 0489 02       		.byte	0x2
 1232 048a 91       		.byte	0x91
 1233 048b 76       		.sleb128 -10
 1234 048c 14       		.uleb128 0x14
 1235 048d 00000000 		.4byte	.LASF57
 1236 0491 01       		.byte	0x1
 1237 0492 012F     		.2byte	0x12f
 1238 0494 000002C1 		.4byte	0x2c1
 1239 0498 02       		.byte	0x2
 1240 0499 91       		.byte	0x91
 1241 049a 78       		.sleb128 -8
 1242 049b 14       		.uleb128 0x14
 1243 049c 00000000 		.4byte	.LASF58
 1244 04a0 01       		.byte	0x1
 1245 04a1 012F     		.2byte	0x12f
 1246 04a3 000000A6 		.4byte	0xa6
 1247 04a7 02       		.byte	0x2
 1248 04a8 91       		.byte	0x91
 1249 04a9 7C       		.sleb128 -4
 1250 04aa 00       		.byte	0
GAS LISTING C:\Users\nascapro\AppData\Local\Temp\ccB13HLT.s 			page 23


 1251 04ab 13       		.uleb128 0x13
 1252 04ac 01       		.byte	0x1
 1253 04ad 00000000 		.4byte	.LASF61
 1254 04b1 01       		.byte	0x1
 1255 04b2 014E     		.2byte	0x14e
 1256 04b4 01       		.byte	0x1
 1257 04b5 00000082 		.4byte	0x82
 1258 04b9 00000000 		.4byte	.LFB8
 1259 04bd 00000000 		.4byte	.LFE8
 1260 04c1 00000000 		.4byte	.LLST6
 1261 04c5 01       		.byte	0x1
 1262 04c6 00000516 		.4byte	0x516
 1263 04ca 14       		.uleb128 0x14
 1264 04cb 00000000 		.4byte	.LASF50
 1265 04cf 01       		.byte	0x1
 1266 04d0 014E     		.2byte	0x14e
 1267 04d2 00000337 		.4byte	0x337
 1268 04d6 02       		.byte	0x2
 1269 04d7 91       		.byte	0x91
 1270 04d8 70       		.sleb128 -16
 1271 04d9 14       		.uleb128 0x14
 1272 04da 00000000 		.4byte	.LASF55
 1273 04de 01       		.byte	0x1
 1274 04df 014E     		.2byte	0x14e
 1275 04e1 00000090 		.4byte	0x90
 1276 04e5 02       		.byte	0x2
 1277 04e6 91       		.byte	0x91
 1278 04e7 74       		.sleb128 -12
 1279 04e8 14       		.uleb128 0x14
 1280 04e9 00000000 		.4byte	.LASF56
 1281 04ed 01       		.byte	0x1
 1282 04ee 014E     		.2byte	0x14e
 1283 04f0 0000009B 		.4byte	0x9b
 1284 04f4 02       		.byte	0x2
 1285 04f5 91       		.byte	0x91
 1286 04f6 76       		.sleb128 -10
 1287 04f7 14       		.uleb128 0x14
 1288 04f8 00000000 		.4byte	.LASF57
 1289 04fc 01       		.byte	0x1
 1290 04fd 014E     		.2byte	0x14e
 1291 04ff 000002C1 		.4byte	0x2c1
 1292 0503 02       		.byte	0x2
 1293 0504 91       		.byte	0x91
 1294 0505 78       		.sleb128 -8
 1295 0506 14       		.uleb128 0x14
 1296 0507 00000000 		.4byte	.LASF58
 1297 050b 01       		.byte	0x1
 1298 050c 014E     		.2byte	0x14e
 1299 050e 000000A6 		.4byte	0xa6
 1300 0512 02       		.byte	0x2
 1301 0513 91       		.byte	0x91
 1302 0514 7C       		.sleb128 -4
 1303 0515 00       		.byte	0
 1304 0516 15       		.uleb128 0x15
 1305 0517 00000000 		.4byte	.LASF67
 1306 051b 01       		.byte	0x1
 1307 051c 47       		.byte	0x47
GAS LISTING C:\Users\nascapro\AppData\Local\Temp\ccB13HLT.s 			page 24


 1308 051d 000000B8 		.4byte	0xb8
 1309 0521 01       		.byte	0x1
 1310 0522 05       		.byte	0x5
 1311 0523 03       		.byte	0x3
 1312 0524 00000000 		.4byte	I2CD1
 1313 0528 00       		.byte	0
 1314              		.section	.debug_abbrev,"",@progbits
 1315              	.Ldebug_abbrev0:
 1316 0000 01       		.uleb128 0x1
 1317 0001 11       		.uleb128 0x11
 1318 0002 01       		.byte	0x1
 1319 0003 25       		.uleb128 0x25
 1320 0004 0E       		.uleb128 0xe
 1321 0005 13       		.uleb128 0x13
 1322 0006 0B       		.uleb128 0xb
 1323 0007 03       		.uleb128 0x3
 1324 0008 0E       		.uleb128 0xe
 1325 0009 1B       		.uleb128 0x1b
 1326 000a 0E       		.uleb128 0xe
 1327 000b 55       		.uleb128 0x55
 1328 000c 06       		.uleb128 0x6
 1329 000d 11       		.uleb128 0x11
 1330 000e 01       		.uleb128 0x1
 1331 000f 52       		.uleb128 0x52
 1332 0010 01       		.uleb128 0x1
 1333 0011 10       		.uleb128 0x10
 1334 0012 06       		.uleb128 0x6
 1335 0013 00       		.byte	0
 1336 0014 00       		.byte	0
 1337 0015 02       		.uleb128 0x2
 1338 0016 24       		.uleb128 0x24
 1339 0017 00       		.byte	0
 1340 0018 0B       		.uleb128 0xb
 1341 0019 0B       		.uleb128 0xb
 1342 001a 3E       		.uleb128 0x3e
 1343 001b 0B       		.uleb128 0xb
 1344 001c 03       		.uleb128 0x3
 1345 001d 0E       		.uleb128 0xe
 1346 001e 00       		.byte	0
 1347 001f 00       		.byte	0
 1348 0020 03       		.uleb128 0x3
 1349 0021 16       		.uleb128 0x16
 1350 0022 00       		.byte	0
 1351 0023 03       		.uleb128 0x3
 1352 0024 0E       		.uleb128 0xe
 1353 0025 3A       		.uleb128 0x3a
 1354 0026 0B       		.uleb128 0xb
 1355 0027 3B       		.uleb128 0x3b
 1356 0028 0B       		.uleb128 0xb
 1357 0029 49       		.uleb128 0x49
 1358 002a 13       		.uleb128 0x13
 1359 002b 00       		.byte	0
 1360 002c 00       		.byte	0
 1361 002d 04       		.uleb128 0x4
 1362 002e 24       		.uleb128 0x24
 1363 002f 00       		.byte	0
 1364 0030 0B       		.uleb128 0xb
GAS LISTING C:\Users\nascapro\AppData\Local\Temp\ccB13HLT.s 			page 25


 1365 0031 0B       		.uleb128 0xb
 1366 0032 3E       		.uleb128 0x3e
 1367 0033 0B       		.uleb128 0xb
 1368 0034 03       		.uleb128 0x3
 1369 0035 08       		.uleb128 0x8
 1370 0036 00       		.byte	0
 1371 0037 00       		.byte	0
 1372 0038 05       		.uleb128 0x5
 1373 0039 13       		.uleb128 0x13
 1374 003a 01       		.byte	0x1
 1375 003b 03       		.uleb128 0x3
 1376 003c 0E       		.uleb128 0xe
 1377 003d 0B       		.uleb128 0xb
 1378 003e 0B       		.uleb128 0xb
 1379 003f 3A       		.uleb128 0x3a
 1380 0040 0B       		.uleb128 0xb
 1381 0041 3B       		.uleb128 0x3b
 1382 0042 0B       		.uleb128 0xb
 1383 0043 01       		.uleb128 0x1
 1384 0044 13       		.uleb128 0x13
 1385 0045 00       		.byte	0
 1386 0046 00       		.byte	0
 1387 0047 06       		.uleb128 0x6
 1388 0048 0D       		.uleb128 0xd
 1389 0049 00       		.byte	0
 1390 004a 03       		.uleb128 0x3
 1391 004b 0E       		.uleb128 0xe
 1392 004c 3A       		.uleb128 0x3a
 1393 004d 0B       		.uleb128 0xb
 1394 004e 3B       		.uleb128 0x3b
 1395 004f 0B       		.uleb128 0xb
 1396 0050 49       		.uleb128 0x49
 1397 0051 13       		.uleb128 0x13
 1398 0052 38       		.uleb128 0x38
 1399 0053 0A       		.uleb128 0xa
 1400 0054 00       		.byte	0
 1401 0055 00       		.byte	0
 1402 0056 07       		.uleb128 0x7
 1403 0057 0D       		.uleb128 0xd
 1404 0058 00       		.byte	0
 1405 0059 03       		.uleb128 0x3
 1406 005a 08       		.uleb128 0x8
 1407 005b 3A       		.uleb128 0x3a
 1408 005c 0B       		.uleb128 0xb
 1409 005d 3B       		.uleb128 0x3b
 1410 005e 0B       		.uleb128 0xb
 1411 005f 49       		.uleb128 0x49
 1412 0060 13       		.uleb128 0x13
 1413 0061 38       		.uleb128 0x38
 1414 0062 0A       		.uleb128 0xa
 1415 0063 00       		.byte	0
 1416 0064 00       		.byte	0
 1417 0065 08       		.uleb128 0x8
 1418 0066 04       		.uleb128 0x4
 1419 0067 01       		.byte	0x1
 1420 0068 0B       		.uleb128 0xb
 1421 0069 0B       		.uleb128 0xb
GAS LISTING C:\Users\nascapro\AppData\Local\Temp\ccB13HLT.s 			page 26


 1422 006a 3A       		.uleb128 0x3a
 1423 006b 0B       		.uleb128 0xb
 1424 006c 3B       		.uleb128 0x3b
 1425 006d 0B       		.uleb128 0xb
 1426 006e 01       		.uleb128 0x1
 1427 006f 13       		.uleb128 0x13
 1428 0070 00       		.byte	0
 1429 0071 00       		.byte	0
 1430 0072 09       		.uleb128 0x9
 1431 0073 28       		.uleb128 0x28
 1432 0074 00       		.byte	0
 1433 0075 03       		.uleb128 0x3
 1434 0076 0E       		.uleb128 0xe
 1435 0077 1C       		.uleb128 0x1c
 1436 0078 0D       		.uleb128 0xd
 1437 0079 00       		.byte	0
 1438 007a 00       		.byte	0
 1439 007b 0A       		.uleb128 0xa
 1440 007c 13       		.uleb128 0x13
 1441 007d 01       		.byte	0x1
 1442 007e 0B       		.uleb128 0xb
 1443 007f 0B       		.uleb128 0xb
 1444 0080 3A       		.uleb128 0x3a
 1445 0081 0B       		.uleb128 0xb
 1446 0082 3B       		.uleb128 0x3b
 1447 0083 0B       		.uleb128 0xb
 1448 0084 01       		.uleb128 0x1
 1449 0085 13       		.uleb128 0x13
 1450 0086 00       		.byte	0
 1451 0087 00       		.byte	0
 1452 0088 0B       		.uleb128 0xb
 1453 0089 0F       		.uleb128 0xf
 1454 008a 00       		.byte	0
 1455 008b 0B       		.uleb128 0xb
 1456 008c 0B       		.uleb128 0xb
 1457 008d 00       		.byte	0
 1458 008e 00       		.byte	0
 1459 008f 0C       		.uleb128 0xc
 1460 0090 15       		.uleb128 0x15
 1461 0091 01       		.byte	0x1
 1462 0092 27       		.uleb128 0x27
 1463 0093 0C       		.uleb128 0xc
 1464 0094 49       		.uleb128 0x49
 1465 0095 13       		.uleb128 0x13
 1466 0096 01       		.uleb128 0x1
 1467 0097 13       		.uleb128 0x13
 1468 0098 00       		.byte	0
 1469 0099 00       		.byte	0
 1470 009a 0D       		.uleb128 0xd
 1471 009b 05       		.uleb128 0x5
 1472 009c 00       		.byte	0
 1473 009d 49       		.uleb128 0x49
 1474 009e 13       		.uleb128 0x13
 1475 009f 00       		.byte	0
 1476 00a0 00       		.byte	0
 1477 00a1 0E       		.uleb128 0xe
 1478 00a2 0F       		.uleb128 0xf
GAS LISTING C:\Users\nascapro\AppData\Local\Temp\ccB13HLT.s 			page 27


 1479 00a3 00       		.byte	0
 1480 00a4 0B       		.uleb128 0xb
 1481 00a5 0B       		.uleb128 0xb
 1482 00a6 49       		.uleb128 0x49
 1483 00a7 13       		.uleb128 0x13
 1484 00a8 00       		.byte	0
 1485 00a9 00       		.byte	0
 1486 00aa 0F       		.uleb128 0xf
 1487 00ab 2E       		.uleb128 0x2e
 1488 00ac 00       		.byte	0
 1489 00ad 3F       		.uleb128 0x3f
 1490 00ae 0C       		.uleb128 0xc
 1491 00af 03       		.uleb128 0x3
 1492 00b0 0E       		.uleb128 0xe
 1493 00b1 3A       		.uleb128 0x3a
 1494 00b2 0B       		.uleb128 0xb
 1495 00b3 3B       		.uleb128 0x3b
 1496 00b4 0B       		.uleb128 0xb
 1497 00b5 27       		.uleb128 0x27
 1498 00b6 0C       		.uleb128 0xc
 1499 00b7 11       		.uleb128 0x11
 1500 00b8 01       		.uleb128 0x1
 1501 00b9 12       		.uleb128 0x12
 1502 00ba 01       		.uleb128 0x1
 1503 00bb 40       		.uleb128 0x40
 1504 00bc 06       		.uleb128 0x6
 1505 00bd 9642     		.uleb128 0x2116
 1506 00bf 0C       		.uleb128 0xc
 1507 00c0 00       		.byte	0
 1508 00c1 00       		.byte	0
 1509 00c2 10       		.uleb128 0x10
 1510 00c3 2E       		.uleb128 0x2e
 1511 00c4 01       		.byte	0x1
 1512 00c5 3F       		.uleb128 0x3f
 1513 00c6 0C       		.uleb128 0xc
 1514 00c7 03       		.uleb128 0x3
 1515 00c8 0E       		.uleb128 0xe
 1516 00c9 3A       		.uleb128 0x3a
 1517 00ca 0B       		.uleb128 0xb
 1518 00cb 3B       		.uleb128 0x3b
 1519 00cc 0B       		.uleb128 0xb
 1520 00cd 27       		.uleb128 0x27
 1521 00ce 0C       		.uleb128 0xc
 1522 00cf 49       		.uleb128 0x49
 1523 00d0 13       		.uleb128 0x13
 1524 00d1 11       		.uleb128 0x11
 1525 00d2 01       		.uleb128 0x1
 1526 00d3 12       		.uleb128 0x12
 1527 00d4 01       		.uleb128 0x1
 1528 00d5 40       		.uleb128 0x40
 1529 00d6 06       		.uleb128 0x6
 1530 00d7 9642     		.uleb128 0x2116
 1531 00d9 0C       		.uleb128 0xc
 1532 00da 01       		.uleb128 0x1
 1533 00db 13       		.uleb128 0x13
 1534 00dc 00       		.byte	0
 1535 00dd 00       		.byte	0
GAS LISTING C:\Users\nascapro\AppData\Local\Temp\ccB13HLT.s 			page 28


 1536 00de 11       		.uleb128 0x11
 1537 00df 05       		.uleb128 0x5
 1538 00e0 00       		.byte	0
 1539 00e1 03       		.uleb128 0x3
 1540 00e2 0E       		.uleb128 0xe
 1541 00e3 3A       		.uleb128 0x3a
 1542 00e4 0B       		.uleb128 0xb
 1543 00e5 3B       		.uleb128 0x3b
 1544 00e6 0B       		.uleb128 0xb
 1545 00e7 49       		.uleb128 0x49
 1546 00e8 13       		.uleb128 0x13
 1547 00e9 02       		.uleb128 0x2
 1548 00ea 0A       		.uleb128 0xa
 1549 00eb 00       		.byte	0
 1550 00ec 00       		.byte	0
 1551 00ed 12       		.uleb128 0x12
 1552 00ee 34       		.uleb128 0x34
 1553 00ef 00       		.byte	0
 1554 00f0 03       		.uleb128 0x3
 1555 00f1 0E       		.uleb128 0xe
 1556 00f2 3A       		.uleb128 0x3a
 1557 00f3 0B       		.uleb128 0xb
 1558 00f4 3B       		.uleb128 0x3b
 1559 00f5 0B       		.uleb128 0xb
 1560 00f6 49       		.uleb128 0x49
 1561 00f7 13       		.uleb128 0x13
 1562 00f8 02       		.uleb128 0x2
 1563 00f9 0A       		.uleb128 0xa
 1564 00fa 00       		.byte	0
 1565 00fb 00       		.byte	0
 1566 00fc 13       		.uleb128 0x13
 1567 00fd 2E       		.uleb128 0x2e
 1568 00fe 01       		.byte	0x1
 1569 00ff 3F       		.uleb128 0x3f
 1570 0100 0C       		.uleb128 0xc
 1571 0101 03       		.uleb128 0x3
 1572 0102 0E       		.uleb128 0xe
 1573 0103 3A       		.uleb128 0x3a
 1574 0104 0B       		.uleb128 0xb
 1575 0105 3B       		.uleb128 0x3b
 1576 0106 05       		.uleb128 0x5
 1577 0107 27       		.uleb128 0x27
 1578 0108 0C       		.uleb128 0xc
 1579 0109 49       		.uleb128 0x49
 1580 010a 13       		.uleb128 0x13
 1581 010b 11       		.uleb128 0x11
 1582 010c 01       		.uleb128 0x1
 1583 010d 12       		.uleb128 0x12
 1584 010e 01       		.uleb128 0x1
 1585 010f 40       		.uleb128 0x40
 1586 0110 06       		.uleb128 0x6
 1587 0111 9642     		.uleb128 0x2116
 1588 0113 0C       		.uleb128 0xc
 1589 0114 01       		.uleb128 0x1
 1590 0115 13       		.uleb128 0x13
 1591 0116 00       		.byte	0
 1592 0117 00       		.byte	0
GAS LISTING C:\Users\nascapro\AppData\Local\Temp\ccB13HLT.s 			page 29


 1593 0118 14       		.uleb128 0x14
 1594 0119 05       		.uleb128 0x5
 1595 011a 00       		.byte	0
 1596 011b 03       		.uleb128 0x3
 1597 011c 0E       		.uleb128 0xe
 1598 011d 3A       		.uleb128 0x3a
 1599 011e 0B       		.uleb128 0xb
 1600 011f 3B       		.uleb128 0x3b
 1601 0120 05       		.uleb128 0x5
 1602 0121 49       		.uleb128 0x49
 1603 0122 13       		.uleb128 0x13
 1604 0123 02       		.uleb128 0x2
 1605 0124 0A       		.uleb128 0xa
 1606 0125 00       		.byte	0
 1607 0126 00       		.byte	0
 1608 0127 15       		.uleb128 0x15
 1609 0128 34       		.uleb128 0x34
 1610 0129 00       		.byte	0
 1611 012a 03       		.uleb128 0x3
 1612 012b 0E       		.uleb128 0xe
 1613 012c 3A       		.uleb128 0x3a
 1614 012d 0B       		.uleb128 0xb
 1615 012e 3B       		.uleb128 0x3b
 1616 012f 0B       		.uleb128 0xb
 1617 0130 49       		.uleb128 0x49
 1618 0131 13       		.uleb128 0x13
 1619 0132 3F       		.uleb128 0x3f
 1620 0133 0C       		.uleb128 0xc
 1621 0134 02       		.uleb128 0x2
 1622 0135 0A       		.uleb128 0xa
 1623 0136 00       		.byte	0
 1624 0137 00       		.byte	0
 1625 0138 00       		.byte	0
 1626              		.section	.debug_loc,"",@progbits
 1627              	.Ldebug_loc0:
 1628              	.LLST0:
 1629 0000 00000000 		.4byte	.LFB2
 1630 0004 00000000 		.4byte	.LCFI0
 1631 0008 0002     		.2byte	0x2
 1632 000a 71       		.byte	0x71
 1633 000b 00       		.sleb128 0
 1634 000c 00000000 		.4byte	.LCFI0
 1635 0010 00000000 		.4byte	.LCFI1
 1636 0014 0002     		.2byte	0x2
 1637 0016 71       		.byte	0x71
 1638 0017 08       		.sleb128 8
 1639 0018 00000000 		.4byte	.LCFI1
 1640 001c 00000000 		.4byte	.LFE2
 1641 0020 0002     		.2byte	0x2
 1642 0022 71       		.byte	0x71
 1643 0023 00       		.sleb128 0
 1644 0024 00000000 		.4byte	0
 1645 0028 00000000 		.4byte	0
 1646              	.LLST1:
 1647 002c 00000000 		.4byte	.LFB3
 1648 0030 00000000 		.4byte	.LCFI2
 1649 0034 0002     		.2byte	0x2
GAS LISTING C:\Users\nascapro\AppData\Local\Temp\ccB13HLT.s 			page 30


 1650 0036 71       		.byte	0x71
 1651 0037 00       		.sleb128 0
 1652 0038 00000000 		.4byte	.LCFI2
 1653 003c 00000000 		.4byte	.LCFI3
 1654 0040 0002     		.2byte	0x2
 1655 0042 71       		.byte	0x71
 1656 0043 20       		.sleb128 32
 1657 0044 00000000 		.4byte	.LCFI3
 1658 0048 00000000 		.4byte	.LFE3
 1659 004c 0002     		.2byte	0x2
 1660 004e 71       		.byte	0x71
 1661 004f 00       		.sleb128 0
 1662 0050 00000000 		.4byte	0
 1663 0054 00000000 		.4byte	0
 1664              	.LLST2:
 1665 0058 00000000 		.4byte	.LFB4
 1666 005c 00000000 		.4byte	.LCFI4
 1667 0060 0002     		.2byte	0x2
 1668 0062 71       		.byte	0x71
 1669 0063 00       		.sleb128 0
 1670 0064 00000000 		.4byte	.LCFI4
 1671 0068 00000000 		.4byte	.LCFI5
 1672 006c 0002     		.2byte	0x2
 1673 006e 71       		.byte	0x71
 1674 006f 10       		.sleb128 16
 1675 0070 00000000 		.4byte	.LCFI5
 1676 0074 00000000 		.4byte	.LFE4
 1677 0078 0002     		.2byte	0x2
 1678 007a 71       		.byte	0x71
 1679 007b 00       		.sleb128 0
 1680 007c 00000000 		.4byte	0
 1681 0080 00000000 		.4byte	0
 1682              	.LLST3:
 1683 0084 00000000 		.4byte	.LFB5
 1684 0088 00000000 		.4byte	.LCFI6
 1685 008c 0002     		.2byte	0x2
 1686 008e 71       		.byte	0x71
 1687 008f 00       		.sleb128 0
 1688 0090 00000000 		.4byte	.LCFI6
 1689 0094 00000000 		.4byte	.LCFI7
 1690 0098 0002     		.2byte	0x2
 1691 009a 71       		.byte	0x71
 1692 009b 18       		.sleb128 24
 1693 009c 00000000 		.4byte	.LCFI7
 1694 00a0 00000000 		.4byte	.LFE5
 1695 00a4 0002     		.2byte	0x2
 1696 00a6 71       		.byte	0x71
 1697 00a7 00       		.sleb128 0
 1698 00a8 00000000 		.4byte	0
 1699 00ac 00000000 		.4byte	0
 1700              	.LLST4:
 1701 00b0 00000000 		.4byte	.LFB6
 1702 00b4 00000000 		.4byte	.LCFI8
 1703 00b8 0002     		.2byte	0x2
 1704 00ba 71       		.byte	0x71
 1705 00bb 00       		.sleb128 0
 1706 00bc 00000000 		.4byte	.LCFI8
GAS LISTING C:\Users\nascapro\AppData\Local\Temp\ccB13HLT.s 			page 31


 1707 00c0 00000000 		.4byte	.LCFI9
 1708 00c4 0002     		.2byte	0x2
 1709 00c6 71       		.byte	0x71
 1710 00c7 18       		.sleb128 24
 1711 00c8 00000000 		.4byte	.LCFI9
 1712 00cc 00000000 		.4byte	.LFE6
 1713 00d0 0002     		.2byte	0x2
 1714 00d2 71       		.byte	0x71
 1715 00d3 00       		.sleb128 0
 1716 00d4 00000000 		.4byte	0
 1717 00d8 00000000 		.4byte	0
 1718              	.LLST5:
 1719 00dc 00000000 		.4byte	.LFB7
 1720 00e0 00000000 		.4byte	.LCFI10
 1721 00e4 0002     		.2byte	0x2
 1722 00e6 71       		.byte	0x71
 1723 00e7 00       		.sleb128 0
 1724 00e8 00000000 		.4byte	.LCFI10
 1725 00ec 00000000 		.4byte	.LCFI11
 1726 00f0 0002     		.2byte	0x2
 1727 00f2 71       		.byte	0x71
 1728 00f3 18       		.sleb128 24
 1729 00f4 00000000 		.4byte	.LCFI11
 1730 00f8 00000000 		.4byte	.LFE7
 1731 00fc 0002     		.2byte	0x2
 1732 00fe 71       		.byte	0x71
 1733 00ff 00       		.sleb128 0
 1734 0100 00000000 		.4byte	0
 1735 0104 00000000 		.4byte	0
 1736              	.LLST6:
 1737 0108 00000000 		.4byte	.LFB8
 1738 010c 00000000 		.4byte	.LCFI12
 1739 0110 0002     		.2byte	0x2
 1740 0112 71       		.byte	0x71
 1741 0113 00       		.sleb128 0
 1742 0114 00000000 		.4byte	.LCFI12
 1743 0118 00000000 		.4byte	.LCFI13
 1744 011c 0002     		.2byte	0x2
 1745 011e 71       		.byte	0x71
 1746 011f 18       		.sleb128 24
 1747 0120 00000000 		.4byte	.LCFI13
 1748 0124 00000000 		.4byte	.LFE8
 1749 0128 0002     		.2byte	0x2
 1750 012a 71       		.byte	0x71
 1751 012b 00       		.sleb128 0
 1752 012c 00000000 		.4byte	0
 1753 0130 00000000 		.4byte	0
 1754              		.section	.debug_aranges,"",@progbits
 1755 0000 0000004C 		.4byte	0x4c
 1756 0004 0002     		.2byte	0x2
 1757 0006 00000000 		.4byte	.Ldebug_info0
 1758 000a 04       		.byte	0x4
 1759 000b 00       		.byte	0
 1760 000c 0000     		.2byte	0
 1761 000e 0000     		.2byte	0
 1762 0010 00000000 		.4byte	.LFB2
 1763 0014 00000034 		.4byte	.LFE2-.LFB2
GAS LISTING C:\Users\nascapro\AppData\Local\Temp\ccB13HLT.s 			page 32


 1764 0018 00000000 		.4byte	.LFB3
 1765 001c 00000092 		.4byte	.LFE3-.LFB3
 1766 0020 00000000 		.4byte	.LFB4
 1767 0024 00000046 		.4byte	.LFE4-.LFB4
 1768 0028 00000000 		.4byte	.LFB5
 1769 002c 000000E2 		.4byte	.LFE5-.LFB5
 1770 0030 00000000 		.4byte	.LFB6
 1771 0034 000000E2 		.4byte	.LFE6-.LFB6
 1772 0038 00000000 		.4byte	.LFB7
 1773 003c 000000E0 		.4byte	.LFE7-.LFB7
 1774 0040 00000000 		.4byte	.LFB8
 1775 0044 000000E2 		.4byte	.LFE8-.LFB8
 1776 0048 00000000 		.4byte	0
 1777 004c 00000000 		.4byte	0
 1778              		.section	.debug_ranges,"",@progbits
 1779              	.Ldebug_ranges0:
 1780 0000 00000000 		.4byte	.LFB2
 1781 0004 00000000 		.4byte	.LFE2
 1782 0008 00000000 		.4byte	.LFB3
 1783 000c 00000000 		.4byte	.LFE3
 1784 0010 00000000 		.4byte	.LFB4
 1785 0014 00000000 		.4byte	.LFE4
 1786 0018 00000000 		.4byte	.LFB5
 1787 001c 00000000 		.4byte	.LFE5
 1788 0020 00000000 		.4byte	.LFB6
 1789 0024 00000000 		.4byte	.LFE6
 1790 0028 00000000 		.4byte	.LFB7
 1791 002c 00000000 		.4byte	.LFE7
 1792 0030 00000000 		.4byte	.LFB8
 1793 0034 00000000 		.4byte	.LFE8
 1794 0038 00000000 		.4byte	0
 1795 003c 00000000 		.4byte	0
 1796              		.section	.debug_line,"",@progbits
 1797              	.Ldebug_line0:
 1798 0000 00000311 		.section	.debug_str,"MS",@progbits,1
 1798      00020000 
 1798      01FB0201 
 1798      FB0E0D00 
 1798      01010101 
 1799              	.LASF44:
 1800 0000 70726976 		.string	"priv"
 1800      00
 1801              	.LASF24:
 1802 0005 4932435F 		.string	"I2C_DRIVEN_BY_POLLING"
 1802      44524956 
 1802      454E5F42 
 1802      595F504F 
 1802      4C4C494E 
 1803              	.LASF53:
 1804 001b 6932635F 		.string	"i2c_lld_stop"
 1804      6C6C645F 
 1804      73746F70 
 1804      00
 1805              	.LASF47:
 1806 0028 77726974 		.string	"write"
 1806      6500
 1807              	.LASF57:
GAS LISTING C:\Users\nascapro\AppData\Local\Temp\ccB13HLT.s 			page 33


 1808 002e 64617461 		.string	"data"
 1808      00
 1809              	.LASF34:
 1810 0033 4932435F 		.string	"I2C_ERROR_TIMEOUT"
 1810      4552524F 
 1810      525F5449 
 1810      4D454F55 
 1810      5400
 1811              	.LASF54:
 1812 0045 6932635F 		.string	"i2c_lld_write"
 1812      6C6C645F 
 1812      77726974 
 1812      6500
 1813              	.LASF43:
 1814 0053 6932635F 		.string	"i2c_ops_s"
 1814      6F70735F 
 1814      7300
 1815              	.LASF49:
 1816 005d 6932635F 		.string	"i2c_ops_t"
 1816      6F70735F 
 1816      7400
 1817              	.LASF2:
 1818 0067 73686F72 		.string	"short int"
 1818      7420696E 
 1818      7400
 1819              	.LASF15:
 1820 0071 73697A65 		.string	"sizetype"
 1820      74797065 
 1820      00
 1821              	.LASF4:
 1822 007a 5F5F7569 		.string	"__uint16_t"
 1822      6E743136 
 1822      5F7400
 1823              	.LASF7:
 1824 0085 5F5F7569 		.string	"__uint32_t"
 1824      6E743332 
 1824      5F7400
 1825              	.LASF37:
 1826 0090 6D6F6465 		.string	"mode"
 1826      00
 1827              	.LASF27:
 1828 0095 4932435F 		.string	"I2C_NO_ERROR"
 1828      4E4F5F45 
 1828      52524F52 
 1828      00
 1829              	.LASF66:
 1830 00a2 68775F63 		.string	"hw_config"
 1830      6F6E6669 
 1830      6700
 1831              	.LASF67:
 1832 00ac 49324344 		.string	"I2CD1"
 1832      3100
 1833              	.LASF51:
 1834 00b2 636F6E66 		.string	"config"
 1834      696700
 1835              	.LASF12:
 1836 00b9 75696E74 		.string	"uint8_t"
GAS LISTING C:\Users\nascapro\AppData\Local\Temp\ccB13HLT.s 			page 34


 1836      385F7400 
 1837              	.LASF65:
 1838 00c1 6932635F 		.string	"i2c_lld_init"
 1838      6C6C645F 
 1838      696E6974 
 1838      00
 1839              	.LASF14:
 1840 00ce 75696E74 		.string	"uint32_t"
 1840      33325F74 
 1840      00
 1841              	.LASF30:
 1842 00d7 4932435F 		.string	"I2C_ERROR_BUS_BUSY"
 1842      4552524F 
 1842      525F4255 
 1842      535F4255 
 1842      535900
 1843              	.LASF32:
 1844 00ea 4932435F 		.string	"I2C_ERROR_INVALID_ADDRESS"
 1844      4552524F 
 1844      525F494E 
 1844      56414C49 
 1844      445F4144 
 1845              	.LASF63:
 1846 0104 2E2F636F 		.string	"./components/spc582bxx_low_level_drivers_component_rla/lib/src/i2c_lld.c"
 1846      6D706F6E 
 1846      656E7473 
 1846      2F737063 
 1846      35383262 
 1847              	.LASF48:
 1848 014d 72656164 		.string	"read"
 1848      00
 1849              	.LASF25:
 1850 0152 4932435F 		.string	"I2C_DRIVEN_BY_INTERRUPT"
 1850      44524956 
 1850      454E5F42 
 1850      595F494E 
 1850      54455252 
 1851              	.LASF19:
 1852 016a 4932435F 		.string	"I2C_SOFTWARE"
 1852      534F4654 
 1852      57415245 
 1852      00
 1853              	.LASF42:
 1854 0177 63686172 		.string	"char"
 1854      00
 1855              	.LASF6:
 1856 017c 6C6F6E67 		.string	"long int"
 1856      20696E74 
 1856      00
 1857              	.LASF3:
 1858 0185 5F5F7569 		.string	"__uint8_t"
 1858      6E74385F 
 1858      7400
 1859              	.LASF26:
 1860 018f 6932635F 		.string	"i2c_transfer_mode_t"
 1860      7472616E 
 1860      73666572 
GAS LISTING C:\Users\nascapro\AppData\Local\Temp\ccB13HLT.s 			page 35


 1860      5F6D6F64 
 1860      655F7400 
 1861              	.LASF41:
 1862 01a3 49324348 		.string	"I2CHWConfig"
 1862      57436F6E 
 1862      66696700 
 1863              	.LASF56:
 1864 01af 7265675F 		.string	"reg_addr"
 1864      61646472 
 1864      00
 1865              	.LASF1:
 1866 01b8 756E7369 		.string	"unsigned char"
 1866      676E6564 
 1866      20636861 
 1866      7200
 1867              	.LASF38:
 1868 01c6 736C6176 		.string	"slave_addr"
 1868      655F6164 
 1868      647200
 1869              	.LASF23:
 1870 01d1 6932635F 		.string	"i2c_mode_t"
 1870      6D6F6465 
 1870      5F7400
 1871              	.LASF0:
 1872 01dc 7369676E 		.string	"signed char"
 1872      65642063 
 1872      68617200 
 1873              	.LASF10:
 1874 01e8 6C6F6E67 		.string	"long long unsigned int"
 1874      206C6F6E 
 1874      6720756E 
 1874      7369676E 
 1874      65642069 
 1875              	.LASF17:
 1876 01ff 74797065 		.string	"type"
 1876      00
 1877              	.LASF11:
 1878 0204 756E7369 		.string	"unsigned int"
 1878      676E6564 
 1878      20696E74 
 1878      00
 1879              	.LASF13:
 1880 0211 75696E74 		.string	"uint16_t"
 1880      31365F74 
 1880      00
 1881              	.LASF20:
 1882 021a 6932635F 		.string	"i2c_type_t"
 1882      74797065 
 1882      5F7400
 1883              	.LASF55:
 1884 0225 6465765F 		.string	"dev_addr"
 1884      61646472 
 1884      00
 1885              	.LASF45:
 1886 022e 73746172 		.string	"start"
 1886      7400
 1887              	.LASF5:
GAS LISTING C:\Users\nascapro\AppData\Local\Temp\ccB13HLT.s 			page 36


 1888 0234 73686F72 		.string	"short unsigned int"
 1888      7420756E 
 1888      7369676E 
 1888      65642069 
 1888      6E7400
 1889              	.LASF21:
 1890 0247 4932435F 		.string	"I2C_SLAVE"
 1890      534C4156 
 1890      4500
 1891              	.LASF46:
 1892 0251 73746F70 		.string	"stop"
 1892      00
 1893              	.LASF52:
 1894 0256 6932635F 		.string	"i2c_lld_start"
 1894      6C6C645F 
 1894      73746172 
 1894      7400
 1895              	.LASF33:
 1896 0264 4932435F 		.string	"I2C_ERROR_INVALID_ARGUMENT"
 1896      4552524F 
 1896      525F494E 
 1896      56414C49 
 1896      445F4152 
 1897              	.LASF28:
 1898 027f 4932435F 		.string	"I2C_ERROR_TRANSFER_IN_PROGRESS"
 1898      4552524F 
 1898      525F5452 
 1898      414E5346 
 1898      45525F49 
 1899              	.LASF61:
 1900 029e 6932635F 		.string	"i2c_lld_read16"
 1900      6C6C645F 
 1900      72656164 
 1900      313600
 1901              	.LASF59:
 1902 02ad 6932635F 		.string	"i2c_lld_read"
 1902      6C6C645F 
 1902      72656164 
 1902      00
 1903              	.LASF22:
 1904 02ba 4932435F 		.string	"I2C_MASTER"
 1904      4D415354 
 1904      455200
 1905              	.LASF58:
 1906 02c5 6E646174 		.string	"ndata_bytes"
 1906      615F6279 
 1906      74657300 
 1907              	.LASF8:
 1908 02d1 6C6F6E67 		.string	"long unsigned int"
 1908      20756E73 
 1908      69676E65 
 1908      6420696E 
 1908      7400
 1909              	.LASF16:
 1910 02e3 49324344 		.string	"I2CDriver"
 1910      72697665 
 1910      7200
GAS LISTING C:\Users\nascapro\AppData\Local\Temp\ccB13HLT.s 			page 37


 1911              	.LASF18:
 1912 02ed 4932435F 		.string	"I2C_HARDWARE"
 1912      48415244 
 1912      57415245 
 1912      00
 1913              	.LASF62:
 1914 02fa 474E5520 		.ascii	"GNU C 4.9.4 20160726 (Sat May 27 11:09:55 CDT 2017         b"
 1914      4320342E 
 1914      392E3420 
 1914      32303136 
 1914      30373236 
 1915 0336 75696C64 		.ascii	"uild.sh"
 1915      2E7368
 1916 033d 20726576 		.string	" rev=gd8b6c20 s=F494 ELe200 -V release_gd8b6c20_build_Fed_ELe200_ML0) -mcall-sysv -mcpu=e
 1916      3D676438 
 1916      62366332 
 1916      3020733D 
 1916      46343934 
 1917              	.LASF9:
 1918 043e 6C6F6E67 		.string	"long long int"
 1918      206C6F6E 
 1918      6720696E 
 1918      7400
 1919              	.LASF39:
 1920 044c 7472616E 		.string	"transfer_mode"
 1920      73666572 
 1920      5F6D6F64 
 1920      6500
 1921              	.LASF36:
 1922 045a 6932635F 		.string	"i2c_result_t"
 1922      72657375 
 1922      6C745F74 
 1922      00
 1923              	.LASF60:
 1924 0467 6932635F 		.string	"i2c_lld_write16"
 1924      6C6C645F 
 1924      77726974 
 1924      65313600 
 1925              	.LASF29:
 1926 0477 4932435F 		.string	"I2C_ERROR_NO_ACK"
 1926      4552524F 
 1926      525F4E4F 
 1926      5F41434B 
 1926      00
 1927              	.LASF50:
 1928 0488 69326364 		.string	"i2cd"
 1928      00
 1929              	.LASF31:
 1930 048d 4932435F 		.string	"I2C_ERROR_ARBITRATION_LOST"
 1930      4552524F 
 1930      525F4152 
 1930      42495452 
 1930      4154494F 
 1931              	.LASF40:
 1932 04a8 74696D65 		.string	"timeout"
 1932      6F757400 
 1933              	.LASF35:
GAS LISTING C:\Users\nascapro\AppData\Local\Temp\ccB13HLT.s 			page 38


 1934 04b0 4932435F 		.string	"I2C_ERROR_BUFFER_OVERFLOW"
 1934      4552524F 
 1934      525F4255 
 1934      46464552 
 1934      5F4F5645 
 1935              	.LASF64:
 1936 04ca 433A5C41 		.string	"C:\\AutoDevKitStudio-2.1\\workspace\\AutoDevKitCarV1"
 1936      75746F44 
 1936      65764B69 
 1936      74537475 
 1936      64696F2D 
 1937              		.ident	"GCC: (GNU) 4.9.4 20160726 (Sat May 27 11:09:55 CDT 2017         build.sh rev=gd8b6c20 s=F4
GAS LISTING C:\Users\nascapro\AppData\Local\Temp\ccB13HLT.s 			page 39


DEFINED SYMBOLS
                            *ABS*:00000000 i2c_lld.c
C:\Users\nascapro\AppData\Local\Temp\ccB13HLT.s:10     .bss.I2CD1:00000000 I2CD1
C:\Users\nascapro\AppData\Local\Temp\ccB13HLT.s:17     .text.i2c_lld_init:00000000 i2c_lld_init
C:\Users\nascapro\AppData\Local\Temp\ccB13HLT.s:57     .text.i2c_lld_start:00000000 i2c_lld_start
C:\Users\nascapro\AppData\Local\Temp\ccB13HLT.s:138    .text.i2c_lld_stop:00000000 i2c_lld_stop
C:\Users\nascapro\AppData\Local\Temp\ccB13HLT.s:188    .text.i2c_lld_write:00000000 i2c_lld_write
C:\Users\nascapro\AppData\Local\Temp\ccB13HLT.s:302    .text.i2c_lld_read:00000000 i2c_lld_read
C:\Users\nascapro\AppData\Local\Temp\ccB13HLT.s:416    .text.i2c_lld_write16:00000000 i2c_lld_write16
C:\Users\nascapro\AppData\Local\Temp\ccB13HLT.s:527    .text.i2c_lld_read16:00000000 i2c_lld_read16

UNDEFINED SYMBOLS
i2c_hw_init
